2022-21-10 11:25[WARN][HikariPool-1 housekeeper][c.z.h.p.HikariPool:788]HikariPool-1 - Thread starvation or clock leap detected (housekeeper delta=12h49m56s709ms159µs600ns).
2022-21-10 12:48[WARN][HikariPool-1 housekeeper][c.z.h.p.HikariPool:788]HikariPool-1 - Thread starvation or clock leap detected (housekeeper delta=7m7s528ms711µs300ns).
2022-21-10 15:27[WARN][HikariPool-1 housekeeper][c.z.h.p.HikariPool:788]HikariPool-1 - Thread starvation or clock leap detected (housekeeper delta=2h19m56s38ms273µs300ns).
2022-21-10 18:18[WARN][HikariPool-1 housekeeper][c.z.h.p.HikariPool:788]HikariPool-1 - Thread starvation or clock leap detected (housekeeper delta=45m24s389ms561µs800ns).
2022-21-10 19:47[WARN][HikariPool-1 housekeeper][c.z.h.p.HikariPool:788]HikariPool-1 - Thread starvation or clock leap detected (housekeeper delta=1h22m6s299ms84µs800ns).
2022-21-10 21:03[WARN][HikariPool-1 housekeeper][c.z.h.p.HikariPool:788]HikariPool-1 - Thread starvation or clock leap detected (housekeeper delta=46m38s480ms463µs400ns).
2022-21-10 21:03[INFO][SpringApplicationShutdownHook][o.s.o.j.LocalContainerEntityManagerFactoryBean:651]Closing JPA EntityManagerFactory for persistence unit 'default'
2022-21-10 21:03[INFO][SpringApplicationShutdownHook][c.z.h.HikariDataSource:350]HikariPool-1 - Shutdown initiated...
2022-21-10 21:03[INFO][SpringApplicationShutdownHook][c.z.h.HikariDataSource:352]HikariPool-1 - Shutdown completed.
2022-21-10 21:11[INFO][restartedMain][c.e.u.UserManagementApplication:55]Starting UserManagementApplication using Java 11.0.16.1 on DESKTOP-T25H6CF with PID 8148 (C:\Users\Admin\IdeaProjects\Usermanagement\target\classes started by Admin in C:\Users\Admin\IdeaProjects\Usermanagement)
2022-21-10 21:11[INFO][restartedMain][c.e.u.UserManagementApplication:640]The following 1 profile is active: "dev"
2022-21-10 21:11[INFO][restartedMain][o.s.b.d.e.DevToolsPropertyDefaultsPostProcessor:255]Devtools property defaults active! Set 'spring.devtools.add-properties' to 'false' to disable
2022-21-10 21:11[INFO][restartedMain][o.s.b.d.e.DevToolsPropertyDefaultsPostProcessor:255]For additional web related logging consider setting the 'logging.level.web' property to 'DEBUG'
2022-21-10 21:11[INFO][restartedMain][o.s.d.r.c.RepositoryConfigurationDelegate:132]Bootstrapping Spring Data JPA repositories in DEFAULT mode.
2022-21-10 21:11[INFO][restartedMain][o.s.d.r.c.RepositoryConfigurationDelegate:201]Finished Spring Data repository scanning in 120 ms. Found 3 JPA repository interfaces.
2022-21-10 21:11[INFO][restartedMain][o.s.b.w.e.t.TomcatWebServer:108]Tomcat initialized with port(s): 5000 (http)
2022-21-10 21:11[INFO][restartedMain][o.a.c.c.StandardService:173]Starting service [Tomcat]
2022-21-10 21:11[INFO][restartedMain][o.a.c.c.StandardEngine:173]Starting Servlet engine: [Apache Tomcat/9.0.65]
2022-21-10 21:11[INFO][restartedMain][o.a.c.c.C.[.[.[/]:173]Initializing Spring embedded WebApplicationContext
2022-21-10 21:11[INFO][restartedMain][o.s.b.w.s.c.ServletWebServerApplicationContext:292]Root WebApplicationContext: initialization completed in 4377 ms
2022-21-10 21:11[INFO][restartedMain][o.h.j.i.u.LogHelper:31]HHH000204: Processing PersistenceUnitInfo [name: default]
2022-21-10 21:11[INFO][restartedMain][o.h.Version:44]HHH000412: Hibernate ORM core version 5.6.11.Final
2022-21-10 21:11[INFO][restartedMain][o.h.a.c.Version:56]HCANN000001: Hibernate Commons Annotations {5.1.2.Final}
2022-21-10 21:11[INFO][restartedMain][c.z.h.HikariDataSource:110]HikariPool-1 - Starting...
2022-21-10 21:11[INFO][restartedMain][c.z.h.HikariDataSource:123]HikariPool-1 - Start completed.
2022-21-10 21:11[INFO][restartedMain][o.h.d.Dialect:175]HHH000400: Using dialect: org.hibernate.dialect.MySQL8Dialect
2022-21-10 21:11[INFO][restartedMain][o.h.e.t.j.p.i.JtaPlatformInitiator:52]HHH000490: Using JtaPlatform implementation: [org.hibernate.engine.transaction.jta.platform.internal.NoJtaPlatform]
2022-21-10 21:11[INFO][restartedMain][o.s.o.j.LocalContainerEntityManagerFactoryBean:437]Initialized JPA EntityManagerFactory for persistence unit 'default'
2022-21-10 21:11[WARN][restartedMain][o.s.b.a.o.j.JpaBaseConfiguration$JpaWebConfiguration:219]spring.jpa.open-in-view is enabled by default. Therefore, database queries may be performed during view rendering. Explicitly configure spring.jpa.open-in-view to disable this warning
2022-21-10 21:11[INFO][restartedMain][s.d.s.w.PropertySourcedRequestMappingHandlerMapping:69]Mapped URL path [/v2/api-docs] onto method [springfox.documentation.swagger2.web.Swagger2Controller#getDocumentation(String, HttpServletRequest)]
2022-21-10 21:11[INFO][restartedMain][o.s.b.d.a.OptionalLiveReloadServer:59]LiveReload server is running on port 35729
2022-21-10 21:11[WARN][restartedMain][o.s.b.a.t.ThymeleafAutoConfiguration$DefaultTemplateResolverConfiguration:103]Cannot find template location: classpath:/templates/ (please add some templates, check your Thymeleaf configuration, or set spring.thymeleaf.check-template-location=false)
2022-21-10 21:11[INFO][restartedMain][o.s.b.w.e.t.TomcatWebServer:220]Tomcat started on port(s): 5000 (http) with context path ''
2022-21-10 21:11[INFO][restartedMain][s.d.s.w.p.DocumentationPluginsBootstrapper:147]Context refreshed
2022-21-10 21:11[INFO][restartedMain][s.d.s.w.p.DocumentationPluginsBootstrapper:150]Found 1 custom documentation plugin(s)
2022-21-10 21:11[INFO][restartedMain][s.d.s.w.s.ApiListingReferenceScanner:41]Scanning for api listing references
2022-21-10 21:11[INFO][restartedMain][s.d.s.w.r.o.CachingOperationNameGenerator:40]Generating unique operation named: getLatestRegistrationUsingGET_1
2022-21-10 21:11[INFO][restartedMain][c.e.u.UserManagementApplication:61]Started UserManagementApplication in 11.078 seconds (JVM running for 12.076)
2022-21-10 21:11[INFO][restartedMain][c.e.u.UserManagementApplication:18]Application Loaded Successfully.
2022-21-10 21:14[INFO][http-nio-5000-exec-1][o.a.c.c.C.[.[.[/]:173]Initializing Spring DispatcherServlet 'dispatcherServlet'
2022-21-10 21:14[INFO][http-nio-5000-exec-1][o.s.w.s.DispatcherServlet:525]Initializing Servlet 'dispatcherServlet'
2022-21-10 21:14[INFO][http-nio-5000-exec-1][o.s.w.s.DispatcherServlet:547]Completed initialization in 2 ms
2022-21-10 21:15[WARN][http-nio-5000-exec-10][o.s.w.s.m.m.a.ExceptionHandlerExceptionResolver:208]Resolved [com.example.usermanagement.exception.UserException:  userid is invalid]
2022-21-10 21:17[INFO][SpringApplicationShutdownHook][o.s.o.j.LocalContainerEntityManagerFactoryBean:651]Closing JPA EntityManagerFactory for persistence unit 'default'
2022-21-10 21:17[INFO][SpringApplicationShutdownHook][c.z.h.HikariDataSource:350]HikariPool-1 - Shutdown initiated...
2022-21-10 21:17[INFO][SpringApplicationShutdownHook][c.z.h.HikariDataSource:352]HikariPool-1 - Shutdown completed.
2022-21-10 21:18[INFO][restartedMain][c.e.u.UserManagementApplication:55]Starting UserManagementApplication using Java 11.0.16.1 on DESKTOP-T25H6CF with PID 6864 (C:\Users\Admin\IdeaProjects\Usermanagement\target\classes started by Admin in C:\Users\Admin\IdeaProjects\Usermanagement)
2022-21-10 21:18[INFO][restartedMain][c.e.u.UserManagementApplication:640]The following 1 profile is active: "dev"
2022-21-10 21:18[INFO][restartedMain][o.s.b.d.e.DevToolsPropertyDefaultsPostProcessor:255]Devtools property defaults active! Set 'spring.devtools.add-properties' to 'false' to disable
2022-21-10 21:18[INFO][restartedMain][o.s.b.d.e.DevToolsPropertyDefaultsPostProcessor:255]For additional web related logging consider setting the 'logging.level.web' property to 'DEBUG'
2022-21-10 21:18[INFO][restartedMain][o.s.d.r.c.RepositoryConfigurationDelegate:132]Bootstrapping Spring Data JPA repositories in DEFAULT mode.
2022-21-10 21:18[INFO][restartedMain][o.s.d.r.c.RepositoryConfigurationDelegate:201]Finished Spring Data repository scanning in 158 ms. Found 3 JPA repository interfaces.
2022-21-10 21:18[INFO][restartedMain][o.s.b.w.e.t.TomcatWebServer:108]Tomcat initialized with port(s): 5000 (http)
2022-21-10 21:18[INFO][restartedMain][o.a.c.c.StandardService:173]Starting service [Tomcat]
2022-21-10 21:18[INFO][restartedMain][o.a.c.c.StandardEngine:173]Starting Servlet engine: [Apache Tomcat/9.0.65]
2022-21-10 21:18[INFO][restartedMain][o.a.c.c.C.[.[.[/]:173]Initializing Spring embedded WebApplicationContext
2022-21-10 21:18[INFO][restartedMain][o.s.b.w.s.c.ServletWebServerApplicationContext:292]Root WebApplicationContext: initialization completed in 5348 ms
2022-21-10 21:18[INFO][restartedMain][o.h.j.i.u.LogHelper:31]HHH000204: Processing PersistenceUnitInfo [name: default]
2022-21-10 21:18[INFO][restartedMain][o.h.Version:44]HHH000412: Hibernate ORM core version 5.6.11.Final
2022-21-10 21:18[INFO][restartedMain][o.h.a.c.Version:56]HCANN000001: Hibernate Commons Annotations {5.1.2.Final}
2022-21-10 21:18[INFO][restartedMain][c.z.h.HikariDataSource:110]HikariPool-1 - Starting...
2022-21-10 21:18[INFO][restartedMain][c.z.h.HikariDataSource:123]HikariPool-1 - Start completed.
2022-21-10 21:18[INFO][restartedMain][o.h.d.Dialect:175]HHH000400: Using dialect: org.hibernate.dialect.MySQL8Dialect
2022-21-10 21:18[INFO][restartedMain][o.h.e.t.j.p.i.JtaPlatformInitiator:52]HHH000490: Using JtaPlatform implementation: [org.hibernate.engine.transaction.jta.platform.internal.NoJtaPlatform]
2022-21-10 21:18[INFO][restartedMain][o.s.o.j.LocalContainerEntityManagerFactoryBean:437]Initialized JPA EntityManagerFactory for persistence unit 'default'
2022-21-10 21:18[WARN][restartedMain][o.s.b.a.o.j.JpaBaseConfiguration$JpaWebConfiguration:219]spring.jpa.open-in-view is enabled by default. Therefore, database queries may be performed during view rendering. Explicitly configure spring.jpa.open-in-view to disable this warning
2022-21-10 21:18[INFO][restartedMain][s.d.s.w.PropertySourcedRequestMappingHandlerMapping:69]Mapped URL path [/v2/api-docs] onto method [springfox.documentation.swagger2.web.Swagger2Controller#getDocumentation(String, HttpServletRequest)]
2022-21-10 21:18[INFO][restartedMain][o.s.b.d.a.OptionalLiveReloadServer:59]LiveReload server is running on port 35729
2022-21-10 21:18[WARN][restartedMain][o.s.b.a.t.ThymeleafAutoConfiguration$DefaultTemplateResolverConfiguration:103]Cannot find template location: classpath:/templates/ (please add some templates, check your Thymeleaf configuration, or set spring.thymeleaf.check-template-location=false)
2022-21-10 21:18[INFO][restartedMain][o.s.b.w.e.t.TomcatWebServer:220]Tomcat started on port(s): 5000 (http) with context path ''
2022-21-10 21:18[INFO][restartedMain][s.d.s.w.p.DocumentationPluginsBootstrapper:147]Context refreshed
2022-21-10 21:18[INFO][restartedMain][s.d.s.w.p.DocumentationPluginsBootstrapper:150]Found 1 custom documentation plugin(s)
2022-21-10 21:18[INFO][restartedMain][s.d.s.w.s.ApiListingReferenceScanner:41]Scanning for api listing references
2022-21-10 21:18[INFO][restartedMain][s.d.s.w.r.o.CachingOperationNameGenerator:40]Generating unique operation named: getLatestRegistrationUsingGET_1
2022-21-10 21:18[INFO][restartedMain][c.e.u.UserManagementApplication:61]Started UserManagementApplication in 13.169 seconds (JVM running for 14.276)
2022-21-10 21:18[INFO][restartedMain][c.e.u.UserManagementApplication:18]Application Loaded Successfully.
2022-21-10 21:18[INFO][http-nio-5000-exec-1][o.a.c.c.C.[.[.[/]:173]Initializing Spring DispatcherServlet 'dispatcherServlet'
2022-21-10 21:18[INFO][http-nio-5000-exec-1][o.s.w.s.DispatcherServlet:525]Initializing Servlet 'dispatcherServlet'
2022-21-10 21:18[INFO][http-nio-5000-exec-1][o.s.w.s.DispatcherServlet:547]Completed initialization in 8 ms
2022-21-10 21:18[INFO][SpringApplicationShutdownHook][o.s.o.j.LocalContainerEntityManagerFactoryBean:651]Closing JPA EntityManagerFactory for persistence unit 'default'
2022-21-10 21:18[INFO][SpringApplicationShutdownHook][c.z.h.HikariDataSource:350]HikariPool-1 - Shutdown initiated...
2022-21-10 21:18[INFO][SpringApplicationShutdownHook][c.z.h.HikariDataSource:352]HikariPool-1 - Shutdown completed.
