#
# There is insufficient memory for the Java Runtime Environment to continue.
# Native memory allocation (malloc) failed to allocate 364336 bytes for Chunk::new
# Possible reasons:
#   The system is out of physical RAM or swap space
#   The process is running with CompressedOops enabled, and the Java Heap may be blocking the growth of the native heap
# Possible solutions:
#   Reduce memory load on the system
#   Increase physical memory or swap space
#   Check if swap backing store is full
#   Decrease Java heap size (-Xmx/-Xms)
#   Decrease number of Java threads
#   Decrease Java thread stack sizes (-Xss)
#   Set larger code cache with -XX:ReservedCodeCacheSize=
#   JVM is running with Zero Based Compressed Oops mode in which the Java heap is
#     placed in the first 32GB address space. The Java Heap base address is the
#     maximum limit for the native heap growth. Please use -XX:HeapBaseMinAddress
#     to set the Java Heap base and to place the Java Heap above 32GB virtual address.
# This output file may be truncated or incomplete.
#
#  Out of Memory Error (./src/hotspot/share/memory/arena.cpp:197), pid=17096, tid=9136
#
# JRE version: OpenJDK Runtime Environment Corretto-11.0.16.9.1 (11.0.16.1+9) (build 11.0.16.1+9-LTS)
# Java VM: OpenJDK 64-Bit Server VM Corretto-11.0.16.9.1 (11.0.16.1+9-LTS, mixed mode, tiered, compressed oops, g1 gc, windows-amd64)
# No core dump will be written. Minidumps are not enabled by default on client versions of Windows
#

---------------  S U M M A R Y ------------

Command Line: -javaagent:C:\Program Files\Git\tmp\jet2\IntelliJ IDEA 2022.2.1\lib\idea_rt.jar=65476:C:\Program Files\Git\tmp\jet2\IntelliJ IDEA 2022.2.1\bin -Dfile.encoding=UTF-8 com.example.usermanagement.UserManagementApplication

Host: Intel(R) Core(TM) i5-8350U CPU @ 1.70GHz, 8 cores, 15G,  Windows 11 , 64 bit Build 22000 (10.0.22000.708)
Time: Thu Oct 20 15:52:15 2022 India Standard Time elapsed time: 3.356718 seconds (0d 0h 0m 3s)

---------------  T H R E A D  ---------------

Current thread (0x000002bac382f000):  JavaThread "C2 CompilerThread2" daemon [_thread_in_native, id=9136, stack(0x000000f5c5f00000,0x000000f5c6000000)]


Current CompileTask:
C2:   3356 2700       4       java.lang.reflect.ProxyGenerator$ConstantPool::getIndirect (63 bytes)

Stack: [0x000000f5c5f00000,0x000000f5c6000000]
Native frames: (J=compiled Java code, j=interpreted, Vv=VM code, C=native code)
V  [jvm.dll+0x61f23a]
V  [jvm.dll+0x7ac419]
V  [jvm.dll+0x7adb08]
V  [jvm.dll+0x7ae1e3]
V  [jvm.dll+0x24fa98]
V  [jvm.dll+0xc262c]
V  [jvm.dll+0xc2bec]
V  [jvm.dll+0x359ed7]
V  [jvm.dll+0x325e53]
V  [jvm.dll+0x32518a]
V  [jvm.dll+0x208f95]
V  [jvm.dll+0x2080bd]
V  [jvm.dll+0x18a3b1]
V  [jvm.dll+0x217744]
V  [jvm.dll+0x21598b]
V  [jvm.dll+0x76ef20]
V  [jvm.dll+0x767e54]
V  [jvm.dll+0x61e0a5]
C  [ucrtbase.dll+0x26c0c]
C  [KERNEL32.DLL+0x154e0]
C  [ntdll.dll+0x485b]


---------------  P R O C E S S  ---------------

Threads class SMR info:
_java_thread_list=0x000002bac4c0b280, length=15, elements={
0x000002ba9ba9a000, 0x000002bac14af800, 0x000002bac14a8000, 0x000002bac14bc000,
0x000002bac14bd800, 0x000002bac14be800, 0x000002bac1daf800, 0x000002bac1db4000,
0x000002bac1db7800, 0x000002bac1d40800, 0x000002bac1f43800, 0x000002bac24c6000,
0x000002bac2625000, 0x000002bac292a000, 0x000002bac382f000
}

Java Threads: ( => current thread )
  0x000002ba9ba9a000 JavaThread "main" [_thread_blocked, id=1984, stack(0x000000f5c4100000,0x000000f5c4200000)]
  0x000002bac14af800 JavaThread "Reference Handler" daemon [_thread_blocked, id=16388, stack(0x000000f5c4800000,0x000000f5c4900000)]
  0x000002bac14a8000 JavaThread "Finalizer" daemon [_thread_blocked, id=8864, stack(0x000000f5c4900000,0x000000f5c4a00000)]
  0x000002bac14bc000 JavaThread "Signal Dispatcher" daemon [_thread_blocked, id=15776, stack(0x000000f5c4a00000,0x000000f5c4b00000)]
  0x000002bac14bd800 JavaThread "Attach Listener" daemon [_thread_blocked, id=8624, stack(0x000000f5c4b00000,0x000000f5c4c00000)]
  0x000002bac14be800 JavaThread "Service Thread" daemon [_thread_blocked, id=15796, stack(0x000000f5c4c00000,0x000000f5c4d00000)]
  0x000002bac1daf800 JavaThread "C2 CompilerThread0" daemon [_thread_in_native, id=12556, stack(0x000000f5c4d00000,0x000000f5c4e00000)]
  0x000002bac1db4000 JavaThread "C1 CompilerThread0" daemon [_thread_blocked, id=16744, stack(0x000000f5c4e00000,0x000000f5c4f00000)]
  0x000002bac1db7800 JavaThread "Sweeper thread" daemon [_thread_blocked, id=14676, stack(0x000000f5c4f00000,0x000000f5c5000000)]
  0x000002bac1d40800 JavaThread "Common-Cleaner" daemon [_thread_blocked, id=16048, stack(0x000000f5c5000000,0x000000f5c5100000)]
  0x000002bac1f43800 JavaThread "C2 CompilerThread1" daemon [_thread_in_native, id=19168, stack(0x000000f5c5100000,0x000000f5c5200000)]
  0x000002bac24c6000 JavaThread "Monitor Ctrl-Break" daemon [_thread_in_native, id=18872, stack(0x000000f5c5200000,0x000000f5c5300000)]
  0x000002bac2625000 JavaThread "Thread-0" [_thread_blocked, id=17668, stack(0x000000f5c5900000,0x000000f5c5a00000)]
  0x000002bac292a000 JavaThread "restartedMain" [_thread_in_Java, id=14520, stack(0x000000f5c5a00000,0x000000f5c5b00000)]
=>0x000002bac382f000 JavaThread "C2 CompilerThread2" daemon [_thread_in_native, id=9136, stack(0x000000f5c5f00000,0x000000f5c6000000)]

Other Threads:
  0x000002bac149d000 VMThread "VM Thread" [stack: 0x000000f5c4700000,0x000000f5c4800000] [id=16408]
  0x000002bac2270000 WatcherThread [stack: 0x000000f5c5300000,0x000000f5c5400000] [id=15976]
  0x000002ba9bab1800 GCTaskThread "GC Thread#0" [stack: 0x000000f5c4200000,0x000000f5c4300000] [id=10384]
  0x000002bac2967000 GCTaskThread "GC Thread#1" [stack: 0x000000f5c5400000,0x000000f5c5500000] [id=2448]
  0x000002bac346a000 GCTaskThread "GC Thread#2" [stack: 0x000000f5c5500000,0x000000f5c5600000] [id=8616]
  0x000002bac2983800 GCTaskThread "GC Thread#3" [stack: 0x000000f5c5600000,0x000000f5c5700000] [id=14420]
  0x000002bac317b000 GCTaskThread "GC Thread#4" [stack: 0x000000f5c5700000,0x000000f5c5800000] [id=19048]
  0x000002bac317b800 GCTaskThread "GC Thread#5" [stack: 0x000000f5c5800000,0x000000f5c5900000] [id=12648]
  0x000002bac370f000 GCTaskThread "GC Thread#6" [stack: 0x000000f5c5c00000,0x000000f5c5d00000] [id=10996]
  0x000002bac370c000 GCTaskThread "GC Thread#7" [stack: 0x000000f5c5d00000,0x000000f5c5e00000] [id=13940]
  0x000002ba9bb0d800 ConcurrentGCThread "G1 Main Marker" [stack: 0x000000f5c4300000,0x000000f5c4400000] [id=18484]
  0x000002ba9bb0f800 ConcurrentGCThread "G1 Conc#0" [stack: 0x000000f5c4400000,0x000000f5c4500000] [id=9472]
  0x000002bac370c800 ConcurrentGCThread "G1 Conc#1" [stack: 0x000000f5c5e00000,0x000000f5c5f00000] [id=17460]
  0x000002bac1383800 ConcurrentGCThread "G1 Refine#0" [stack: 0x000000f5c4500000,0x000000f5c4600000] [id=14076]
  0x000002bac1387000 ConcurrentGCThread "G1 Young RemSet Sampling" [stack: 0x000000f5c4600000,0x000000f5c4700000] [id=8380]

Threads with active compile tasks:
C2 CompilerThread1     3406 2744   !   4       java.util.zip.InflaterInputStream::read (138 bytes)
C2 CompilerThread2     3406 2700       4       java.lang.reflect.ProxyGenerator$ConstantPool::getIndirect (63 bytes)

VM state:not at safepoint (normal execution)

VM Mutex/Monitor currently owned by a thread: None

Heap address: 0x0000000705800000, size: 4008 MB, Compressed Oops mode: Zero based, Oop shift amount: 3
Narrow klass base: 0x0000000800000000, Narrow klass shift: 0
Compressed class space size: 1073741824 Address: 0x0000000800000000

Heap:
 garbage-first heap   total 258048K, used 15357K [0x0000000705800000, 0x0000000800000000)
  region size 1024K, 8 young (8192K), 4 survivors (4096K)
 Metaspace       used 31137K, capacity 31947K, committed 32128K, reserved 1077248K
  class space    used 3592K, capacity 3887K, committed 3968K, reserved 1048576K
Heap Regions: E=young(eden), S=young(survivor), O=old, HS=humongous(starts), HC=humongous(continues), CS=collection set, F=free, A=archive, TAMS=top-at-mark-start (previous, next)
|   0|0x0000000705800000, 0x0000000705900000, 0x0000000705900000|100%|HS|  |TAMS 0x0000000705900000, 0x0000000705800000| Complete 
|   1|0x0000000705900000, 0x0000000705a00000, 0x0000000705a00000|100%| O|  |TAMS 0x0000000705a00000, 0x0000000705900000| Untracked 
|   2|0x0000000705a00000, 0x0000000705b00000, 0x0000000705b00000|100%| O|  |TAMS 0x0000000705b00000, 0x0000000705a00000| Untracked 
|   3|0x0000000705b00000, 0x0000000705c00000, 0x0000000705c00000|100%| O|  |TAMS 0x0000000705bc6400, 0x0000000705b00000| Untracked 
|   4|0x0000000705c00000, 0x0000000705d00000, 0x0000000705d00000|100%| O|  |TAMS 0x0000000705c00000, 0x0000000705c00000| Untracked 
|   5|0x0000000705d00000, 0x0000000705e00000, 0x0000000705e00000|100%| O|  |TAMS 0x0000000705d00000, 0x0000000705d00000| Untracked 
|   6|0x0000000705e00000, 0x0000000705f00000, 0x0000000705f00000|100%| O|  |TAMS 0x0000000705e00000, 0x0000000705e00000| Untracked 
|   7|0x0000000705f00000, 0x0000000706000000, 0x0000000706000000|100%| O|  |TAMS 0x0000000705f00000, 0x0000000705f00000| Untracked 
|   8|0x0000000706000000, 0x00000007060e9e00, 0x0000000706100000| 91%| O|  |TAMS 0x0000000706000000, 0x0000000706000000| Untracked 
|   9|0x0000000706100000, 0x0000000706100000, 0x0000000706200000|  0%| F|  |TAMS 0x0000000706100000, 0x0000000706100000| Untracked 
|  10|0x0000000706200000, 0x0000000706200000, 0x0000000706300000|  0%| F|  |TAMS 0x0000000706200000, 0x0000000706200000| Untracked 
|  11|0x0000000706300000, 0x0000000706300000, 0x0000000706400000|  0%| F|  |TAMS 0x0000000706300000, 0x0000000706300000| Untracked 
|  12|0x0000000706400000, 0x0000000706400000, 0x0000000706500000|  0%| F|  |TAMS 0x0000000706400000, 0x0000000706400000| Untracked 
|  13|0x0000000706500000, 0x0000000706500000, 0x0000000706600000|  0%| F|  |TAMS 0x0000000706500000, 0x0000000706500000| Untracked 
|  14|0x0000000706600000, 0x0000000706600000, 0x0000000706700000|  0%| F|  |TAMS 0x0000000706600000, 0x0000000706600000| Untracked 
|  15|0x0000000706700000, 0x0000000706700000, 0x0000000706800000|  0%| F|  |TAMS 0x0000000706700000, 0x0000000706700000| Untracked 
|  16|0x0000000706800000, 0x0000000706800000, 0x0000000706900000|  0%| F|  |TAMS 0x0000000706800000, 0x0000000706800000| Untracked 
|  17|0x0000000706900000, 0x0000000706900000, 0x0000000706a00000|  0%| F|  |TAMS 0x0000000706900000, 0x0000000706900000| Untracked 
|  18|0x0000000706a00000, 0x0000000706a00000, 0x0000000706b00000|  0%| F|  |TAMS 0x0000000706a00000, 0x0000000706a00000| Untracked 
|  19|0x0000000706b00000, 0x0000000706b00000, 0x0000000706c00000|  0%| F|  |TAMS 0x0000000706b00000, 0x0000000706b00000| Untracked 
|  20|0x0000000706c00000, 0x0000000706c00000, 0x0000000706d00000|  0%| F|  |TAMS 0x0000000706c00000, 0x0000000706c00000| Untracked 
|  21|0x0000000706d00000, 0x0000000706d00000, 0x0000000706e00000|  0%| F|  |TAMS 0x0000000706d00000, 0x0000000706d00000| Untracked 
|  22|0x0000000706e00000, 0x0000000706e00000, 0x0000000706f00000|  0%| F|  |TAMS 0x0000000706e00000, 0x0000000706e00000| Untracked 
|  23|0x0000000706f00000, 0x0000000706f00000, 0x0000000707000000|  0%| F|  |TAMS 0x0000000706f00000, 0x0000000706f00000| Untracked 
|  24|0x0000000707000000, 0x0000000707000000, 0x0000000707100000|  0%| F|  |TAMS 0x0000000707000000, 0x0000000707000000| Untracked 
|  25|0x0000000707100000, 0x0000000707100000, 0x0000000707200000|  0%| F|  |TAMS 0x0000000707100000, 0x0000000707100000| Untracked 
|  26|0x0000000707200000, 0x0000000707200000, 0x0000000707300000|  0%| F|  |TAMS 0x0000000707200000, 0x0000000707200000| Untracked 
|  27|0x0000000707300000, 0x0000000707300000, 0x0000000707400000|  0%| F|  |TAMS 0x0000000707300000, 0x0000000707300000| Untracked 
|  28|0x0000000707400000, 0x0000000707400000, 0x0000000707500000|  0%| F|  |TAMS 0x0000000707400000, 0x0000000707400000| Untracked 
|  29|0x0000000707500000, 0x0000000707500000, 0x0000000707600000|  0%| F|  |TAMS 0x0000000707500000, 0x0000000707500000| Untracked 
|  30|0x0000000707600000, 0x0000000707600000, 0x0000000707700000|  0%| F|  |TAMS 0x0000000707600000, 0x0000000707600000| Untracked 
|  31|0x0000000707700000, 0x0000000707700000, 0x0000000707800000|  0%| F|  |TAMS 0x0000000707700000, 0x0000000707700000| Untracked 
|  32|0x0000000707800000, 0x0000000707800000, 0x0000000707900000|  0%| F|  |TAMS 0x0000000707800000, 0x0000000707800000| Untracked 
|  33|0x0000000707900000, 0x0000000707900000, 0x0000000707a00000|  0%| F|  |TAMS 0x0000000707900000, 0x0000000707900000| Untracked 
|  34|0x0000000707a00000, 0x0000000707a00000, 0x0000000707b00000|  0%| F|  |TAMS 0x0000000707a00000, 0x0000000707a00000| Untracked 
|  35|0x0000000707b00000, 0x0000000707b00000, 0x0000000707c00000|  0%| F|  |TAMS 0x0000000707b00000, 0x0000000707b00000| Untracked 
|  36|0x0000000707c00000, 0x0000000707c00000, 0x0000000707d00000|  0%| F|  |TAMS 0x0000000707c00000, 0x0000000707c00000| Untracked 
|  37|0x0000000707d00000, 0x0000000707d00000, 0x0000000707e00000|  0%| F|  |TAMS 0x0000000707d00000, 0x0000000707d00000| Untracked 
|  38|0x0000000707e00000, 0x0000000707e00000, 0x0000000707f00000|  0%| F|  |TAMS 0x0000000707e00000, 0x0000000707e00000| Untracked 
|  39|0x0000000707f00000, 0x0000000707f00000, 0x0000000708000000|  0%| F|  |TAMS 0x0000000707f00000, 0x0000000707f00000| Untracked 
|  40|0x0000000708000000, 0x0000000708000000, 0x0000000708100000|  0%| F|  |TAMS 0x0000000708000000, 0x0000000708000000| Untracked 
|  41|0x0000000708100000, 0x0000000708100000, 0x0000000708200000|  0%| F|  |TAMS 0x0000000708100000, 0x0000000708100000| Untracked 
|  42|0x0000000708200000, 0x0000000708200000, 0x0000000708300000|  0%| F|  |TAMS 0x0000000708200000, 0x0000000708200000| Untracked 
|  43|0x0000000708300000, 0x0000000708300000, 0x0000000708400000|  0%| F|  |TAMS 0x0000000708300000, 0x0000000708300000| Untracked 
|  44|0x0000000708400000, 0x0000000708400000, 0x0000000708500000|  0%| F|  |TAMS 0x0000000708400000, 0x0000000708400000| Untracked 
|  45|0x0000000708500000, 0x0000000708500000, 0x0000000708600000|  0%| F|  |TAMS 0x0000000708500000, 0x0000000708500000| Untracked 
|  46|0x0000000708600000, 0x0000000708600000, 0x0000000708700000|  0%| F|  |TAMS 0x0000000708600000, 0x0000000708600000| Untracked 
|  47|0x0000000708700000, 0x0000000708700000, 0x0000000708800000|  0%| F|  |TAMS 0x0000000708700000, 0x0000000708700000| Untracked 
|  48|0x0000000708800000, 0x0000000708800000, 0x0000000708900000|  0%| F|  |TAMS 0x0000000708800000, 0x0000000708800000| Untracked 
|  49|0x0000000708900000, 0x0000000708900000, 0x0000000708a00000|  0%| F|  |TAMS 0x0000000708900000, 0x0000000708900000| Untracked 
|  50|0x0000000708a00000, 0x0000000708a00000, 0x0000000708b00000|  0%| F|  |TAMS 0x0000000708a00000, 0x0000000708a00000| Untracked 
|  51|0x0000000708b00000, 0x0000000708b00000, 0x0000000708c00000|  0%| F|  |TAMS 0x0000000708b00000, 0x0000000708b00000| Untracked 
|  52|0x0000000708c00000, 0x0000000708c00000, 0x0000000708d00000|  0%| F|  |TAMS 0x0000000708c00000, 0x0000000708c00000| Untracked 
|  53|0x0000000708d00000, 0x0000000708d00000, 0x0000000708e00000|  0%| F|  |TAMS 0x0000000708d00000, 0x0000000708d00000| Untracked 
|  54|0x0000000708e00000, 0x0000000708e00000, 0x0000000708f00000|  0%| F|  |TAMS 0x0000000708e00000, 0x0000000708e00000| Untracked 
|  55|0x0000000708f00000, 0x0000000708f00000, 0x0000000709000000|  0%| F|  |TAMS 0x0000000708f00000, 0x0000000708f00000| Untracked 
|  56|0x0000000709000000, 0x0000000709000000, 0x0000000709100000|  0%| F|  |TAMS 0x0000000709000000, 0x0000000709000000| Untracked 
|  57|0x0000000709100000, 0x0000000709100000, 0x0000000709200000|  0%| F|  |TAMS 0x0000000709100000, 0x0000000709100000| Untracked 
|  58|0x0000000709200000, 0x0000000709200000, 0x0000000709300000|  0%| F|  |TAMS 0x0000000709200000, 0x0000000709200000| Untracked 
|  59|0x0000000709300000, 0x0000000709300000, 0x0000000709400000|  0%| F|  |TAMS 0x0000000709300000, 0x0000000709300000| Untracked 
|  60|0x0000000709400000, 0x0000000709400000, 0x0000000709500000|  0%| F|  |TAMS 0x0000000709400000, 0x0000000709400000| Untracked 
|  61|0x0000000709500000, 0x0000000709500000, 0x0000000709600000|  0%| F|  |TAMS 0x0000000709500000, 0x0000000709500000| Untracked 
|  62|0x0000000709600000, 0x0000000709600000, 0x0000000709700000|  0%| F|  |TAMS 0x0000000709600000, 0x0000000709600000| Untracked 
|  63|0x0000000709700000, 0x0000000709700000, 0x0000000709800000|  0%| F|  |TAMS 0x0000000709700000, 0x0000000709700000| Untracked 
|  64|0x0000000709800000, 0x0000000709800000, 0x0000000709900000|  0%| F|  |TAMS 0x0000000709800000, 0x0000000709800000| Untracked 
|  65|0x0000000709900000, 0x0000000709900000, 0x0000000709a00000|  0%| F|  |TAMS 0x0000000709900000, 0x0000000709900000| Untracked 
|  66|0x0000000709a00000, 0x0000000709a00000, 0x0000000709b00000|  0%| F|  |TAMS 0x0000000709a00000, 0x0000000709a00000| Untracked 
|  67|0x0000000709b00000, 0x0000000709b00000, 0x0000000709c00000|  0%| F|  |TAMS 0x0000000709b00000, 0x0000000709b00000| Untracked 
|  68|0x0000000709c00000, 0x0000000709c00000, 0x0000000709d00000|  0%| F|  |TAMS 0x0000000709c00000, 0x0000000709c00000| Untracked 
|  69|0x0000000709d00000, 0x0000000709d00000, 0x0000000709e00000|  0%| F|  |TAMS 0x0000000709d00000, 0x0000000709d00000| Untracked 
|  70|0x0000000709e00000, 0x0000000709e00000, 0x0000000709f00000|  0%| F|  |TAMS 0x0000000709e00000, 0x0000000709e00000| Untracked 
|  71|0x0000000709f00000, 0x0000000709f00000, 0x000000070a000000|  0%| F|  |TAMS 0x0000000709f00000, 0x0000000709f00000| Untracked 
|  72|0x000000070a000000, 0x000000070a000000, 0x000000070a100000|  0%| F|  |TAMS 0x000000070a000000, 0x000000070a000000| Untracked 
|  73|0x000000070a100000, 0x000000070a100000, 0x000000070a200000|  0%| F|  |TAMS 0x000000070a100000, 0x000000070a100000| Untracked 
|  74|0x000000070a200000, 0x000000070a200000, 0x000000070a300000|  0%| F|  |TAMS 0x000000070a200000, 0x000000070a200000| Untracked 
|  75|0x000000070a300000, 0x000000070a300000, 0x000000070a400000|  0%| F|  |TAMS 0x000000070a300000, 0x000000070a300000| Untracked 
|  76|0x000000070a400000, 0x000000070a400000, 0x000000070a500000|  0%| F|  |TAMS 0x000000070a400000, 0x000000070a400000| Untracked 
|  77|0x000000070a500000, 0x000000070a500000, 0x000000070a600000|  0%| F|  |TAMS 0x000000070a500000, 0x000000070a500000| Untracked 
|  78|0x000000070a600000, 0x000000070a600000, 0x000000070a700000|  0%| F|  |TAMS 0x000000070a600000, 0x000000070a600000| Untracked 
|  79|0x000000070a700000, 0x000000070a700000, 0x000000070a800000|  0%| F|  |TAMS 0x000000070a700000, 0x000000070a700000| Untracked 
|  80|0x000000070a800000, 0x000000070a800000, 0x000000070a900000|  0%| F|  |TAMS 0x000000070a800000, 0x000000070a800000| Untracked 
|  81|0x000000070a900000, 0x000000070a900000, 0x000000070aa00000|  0%| F|  |TAMS 0x000000070a900000, 0x000000070a900000| Untracked 
|  82|0x000000070aa00000, 0x000000070aa00000, 0x000000070ab00000|  0%| F|  |TAMS 0x000000070aa00000, 0x000000070aa00000| Untracked 
|  83|0x000000070ab00000, 0x000000070ab00000, 0x000000070ac00000|  0%| F|  |TAMS 0x000000070ab00000, 0x000000070ab00000| Untracked 
|  84|0x000000070ac00000, 0x000000070ac00000, 0x000000070ad00000|  0%| F|  |TAMS 0x000000070ac00000, 0x000000070ac00000| Untracked 
|  85|0x000000070ad00000, 0x000000070ad00000, 0x000000070ae00000|  0%| F|  |TAMS 0x000000070ad00000, 0x000000070ad00000| Untracked 
|  86|0x000000070ae00000, 0x000000070ae00000, 0x000000070af00000|  0%| F|  |TAMS 0x000000070ae00000, 0x000000070ae00000| Untracked 
|  87|0x000000070af00000, 0x000000070af00000, 0x000000070b000000|  0%| F|  |TAMS 0x000000070af00000, 0x000000070af00000| Untracked 
|  88|0x000000070b000000, 0x000000070b000000, 0x000000070b100000|  0%| F|  |TAMS 0x000000070b000000, 0x000000070b000000| Untracked 
|  89|0x000000070b100000, 0x000000070b100000, 0x000000070b200000|  0%| F|  |TAMS 0x000000070b100000, 0x000000070b100000| Untracked 
|  90|0x000000070b200000, 0x000000070b200000, 0x000000070b300000|  0%| F|  |TAMS 0x000000070b200000, 0x000000070b200000| Untracked 
|  91|0x000000070b300000, 0x000000070b300000, 0x000000070b400000|  0%| F|  |TAMS 0x000000070b300000, 0x000000070b300000| Untracked 
|  92|0x000000070b400000, 0x000000070b400000, 0x000000070b500000|  0%| F|  |TAMS 0x000000070b400000, 0x000000070b400000| Untracked 
|  93|0x000000070b500000, 0x000000070b500000, 0x000000070b600000|  0%| F|  |TAMS 0x000000070b500000, 0x000000070b500000| Untracked 
|  94|0x000000070b600000, 0x000000070b600000, 0x000000070b700000|  0%| F|  |TAMS 0x000000070b600000, 0x000000070b600000| Untracked 
|  95|0x000000070b700000, 0x000000070b700000, 0x000000070b800000|  0%| F|  |TAMS 0x000000070b700000, 0x000000070b700000| Untracked 
|  96|0x000000070b800000, 0x000000070b800000, 0x000000070b900000|  0%| F|  |TAMS 0x000000070b800000, 0x000000070b800000| Untracked 
|  97|0x000000070b900000, 0x000000070b900000, 0x000000070ba00000|  0%| F|  |TAMS 0x000000070b900000, 0x000000070b900000| Untracked 
|  98|0x000000070ba00000, 0x000000070ba00000, 0x000000070bb00000|  0%| F|  |TAMS 0x000000070ba00000, 0x000000070ba00000| Untracked 
|  99|0x000000070bb00000, 0x000000070bb00000, 0x000000070bc00000|  0%| F|  |TAMS 0x000000070bb00000, 0x000000070bb00000| Untracked 
| 100|0x000000070bc00000, 0x000000070bc00000, 0x000000070bd00000|  0%| F|  |TAMS 0x000000070bc00000, 0x000000070bc00000| Untracked 
| 101|0x000000070bd00000, 0x000000070bd00000, 0x000000070be00000|  0%| F|  |TAMS 0x000000070bd00000, 0x000000070bd00000| Untracked 
| 102|0x000000070be00000, 0x000000070be00000, 0x000000070bf00000|  0%| F|  |TAMS 0x000000070be00000, 0x000000070be00000| Untracked 
| 103|0x000000070bf00000, 0x000000070bf00000, 0x000000070c000000|  0%| F|  |TAMS 0x000000070bf00000, 0x000000070bf00000| Untracked 
| 104|0x000000070c000000, 0x000000070c000000, 0x000000070c100000|  0%| F|  |TAMS 0x000000070c000000, 0x000000070c000000| Untracked 
| 105|0x000000070c100000, 0x000000070c100000, 0x000000070c200000|  0%| F|  |TAMS 0x000000070c100000, 0x000000070c100000| Untracked 
| 106|0x000000070c200000, 0x000000070c200000, 0x000000070c300000|  0%| F|  |TAMS 0x000000070c200000, 0x000000070c200000| Untracked 
| 107|0x000000070c300000, 0x000000070c300000, 0x000000070c400000|  0%| F|  |TAMS 0x000000070c300000, 0x000000070c300000| Untracked 
| 108|0x000000070c400000, 0x000000070c400000, 0x000000070c500000|  0%| F|  |TAMS 0x000000070c400000, 0x000000070c400000| Untracked 
| 109|0x000000070c500000, 0x000000070c500000, 0x000000070c600000|  0%| F|  |TAMS 0x000000070c500000, 0x000000070c500000| Untracked 
| 110|0x000000070c600000, 0x000000070c600000, 0x000000070c700000|  0%| F|  |TAMS 0x000000070c600000, 0x000000070c600000| Untracked 
| 111|0x000000070c700000, 0x000000070c700000, 0x000000070c800000|  0%| F|  |TAMS 0x000000070c700000, 0x000000070c700000| Untracked 
| 112|0x000000070c800000, 0x000000070c800000, 0x000000070c900000|  0%| F|  |TAMS 0x000000070c800000, 0x000000070c800000| Untracked 
| 113|0x000000070c900000, 0x000000070c900000, 0x000000070ca00000|  0%| F|  |TAMS 0x000000070c900000, 0x000000070c900000| Untracked 
| 114|0x000000070ca00000, 0x000000070ca00000, 0x000000070cb00000|  0%| F|  |TAMS 0x000000070ca00000, 0x000000070ca00000| Untracked 
| 115|0x000000070cb00000, 0x000000070cb00000, 0x000000070cc00000|  0%| F|  |TAMS 0x000000070cb00000, 0x000000070cb00000| Untracked 
| 116|0x000000070cc00000, 0x000000070cc00000, 0x000000070cd00000|  0%| F|  |TAMS 0x000000070cc00000, 0x000000070cc00000| Untracked 
| 117|0x000000070cd00000, 0x000000070cd00000, 0x000000070ce00000|  0%| F|  |TAMS 0x000000070cd00000, 0x000000070cd00000| Untracked 
| 118|0x000000070ce00000, 0x000000070ce00000, 0x000000070cf00000|  0%| F|  |TAMS 0x000000070ce00000, 0x000000070ce00000| Untracked 
| 119|0x000000070cf00000, 0x000000070cf00000, 0x000000070d000000|  0%| F|  |TAMS 0x000000070cf00000, 0x000000070cf00000| Untracked 
| 120|0x000000070d000000, 0x000000070d000000, 0x000000070d100000|  0%| F|  |TAMS 0x000000070d000000, 0x000000070d000000| Untracked 
| 121|0x000000070d100000, 0x000000070d100000, 0x000000070d200000|  0%| F|  |TAMS 0x000000070d100000, 0x000000070d100000| Untracked 
| 122|0x000000070d200000, 0x000000070d200000, 0x000000070d300000|  0%| F|  |TAMS 0x000000070d200000, 0x000000070d200000| Untracked 
| 123|0x000000070d300000, 0x000000070d300000, 0x000000070d400000|  0%| F|  |TAMS 0x000000070d300000, 0x000000070d300000| Untracked 
| 124|0x000000070d400000, 0x000000070d400000, 0x000000070d500000|  0%| F|  |TAMS 0x000000070d400000, 0x000000070d400000| Untracked 
| 125|0x000000070d500000, 0x000000070d500000, 0x000000070d600000|  0%| F|  |TAMS 0x000000070d500000, 0x000000070d500000| Untracked 
| 126|0x000000070d600000, 0x000000070d600000, 0x000000070d700000|  0%| F|  |TAMS 0x000000070d600000, 0x000000070d600000| Untracked 
| 127|0x000000070d700000, 0x000000070d700000, 0x000000070d800000|  0%| F|  |TAMS 0x000000070d700000, 0x000000070d700000| Untracked 
| 128|0x000000070d800000, 0x000000070d800000, 0x000000070d900000|  0%| F|  |TAMS 0x000000070d800000, 0x000000070d800000| Untracked 
| 129|0x000000070d900000, 0x000000070d900000, 0x000000070da00000|  0%| F|  |TAMS 0x000000070d900000, 0x000000070d900000| Untracked 
| 130|0x000000070da00000, 0x000000070da00000, 0x000000070db00000|  0%| F|  |TAMS 0x000000070da00000, 0x000000070da00000| Untracked 
| 131|0x000000070db00000, 0x000000070db00000, 0x000000070dc00000|  0%| F|  |TAMS 0x000000070db00000, 0x000000070db00000| Untracked 
| 132|0x000000070dc00000, 0x000000070dc00000, 0x000000070dd00000|  0%| F|  |TAMS 0x000000070dc00000, 0x000000070dc00000| Untracked 
| 133|0x000000070dd00000, 0x000000070dd00000, 0x000000070de00000|  0%| F|  |TAMS 0x000000070dd00000, 0x000000070dd00000| Untracked 
| 134|0x000000070de00000, 0x000000070de00000, 0x000000070df00000|  0%| F|  |TAMS 0x000000070de00000, 0x000000070de00000| Untracked 
| 135|0x000000070df00000, 0x000000070df00000, 0x000000070e000000|  0%| F|  |TAMS 0x000000070df00000, 0x000000070df00000| Untracked 
| 136|0x000000070e000000, 0x000000070e000000, 0x000000070e100000|  0%| F|  |TAMS 0x000000070e000000, 0x000000070e000000| Untracked 
| 137|0x000000070e100000, 0x000000070e100000, 0x000000070e200000|  0%| F|  |TAMS 0x000000070e100000, 0x000000070e100000| Untracked 
| 138|0x000000070e200000, 0x000000070e200000, 0x000000070e300000|  0%| F|  |TAMS 0x000000070e200000, 0x000000070e200000| Untracked 
| 139|0x000000070e300000, 0x000000070e300000, 0x000000070e400000|  0%| F|  |TAMS 0x000000070e300000, 0x000000070e300000| Untracked 
| 140|0x000000070e400000, 0x000000070e400000, 0x000000070e500000|  0%| F|  |TAMS 0x000000070e400000, 0x000000070e400000| Untracked 
| 141|0x000000070e500000, 0x000000070e500000, 0x000000070e600000|  0%| F|  |TAMS 0x000000070e500000, 0x000000070e500000| Untracked 
| 142|0x000000070e600000, 0x000000070e600000, 0x000000070e700000|  0%| F|  |TAMS 0x000000070e600000, 0x000000070e600000| Untracked 
| 143|0x000000070e700000, 0x000000070e700000, 0x000000070e800000|  0%| F|  |TAMS 0x000000070e700000, 0x000000070e700000| Untracked 
| 144|0x000000070e800000, 0x000000070e800000, 0x000000070e900000|  0%| F|  |TAMS 0x000000070e800000, 0x000000070e800000| Untracked 
| 145|0x000000070e900000, 0x000000070e900000, 0x000000070ea00000|  0%| F|  |TAMS 0x000000070e900000, 0x000000070e900000| Untracked 
| 146|0x000000070ea00000, 0x000000070ea00000, 0x000000070eb00000|  0%| F|  |TAMS 0x000000070ea00000, 0x000000070ea00000| Untracked 
| 147|0x000000070eb00000, 0x000000070eb00000, 0x000000070ec00000|  0%| F|  |TAMS 0x000000070eb00000, 0x000000070eb00000| Untracked 
| 148|0x000000070ec00000, 0x000000070ec00000, 0x000000070ed00000|  0%| F|  |TAMS 0x000000070ec00000, 0x000000070ec00000| Untracked 
| 149|0x000000070ed00000, 0x000000070ed00000, 0x000000070ee00000|  0%| F|  |TAMS 0x000000070ed00000, 0x000000070ed00000| Untracked 
| 150|0x000000070ee00000, 0x000000070ee00000, 0x000000070ef00000|  0%| F|  |TAMS 0x000000070ee00000, 0x000000070ee00000| Untracked 
| 151|0x000000070ef00000, 0x000000070ef00000, 0x000000070f000000|  0%| F|  |TAMS 0x000000070ef00000, 0x000000070ef00000| Untracked 
| 152|0x000000070f000000, 0x000000070f000000, 0x000000070f100000|  0%| F|  |TAMS 0x000000070f000000, 0x000000070f000000| Untracked 
| 153|0x000000070f100000, 0x000000070f100000, 0x000000070f200000|  0%| F|  |TAMS 0x000000070f100000, 0x000000070f100000| Untracked 
| 154|0x000000070f200000, 0x000000070f200000, 0x000000070f300000|  0%| F|  |TAMS 0x000000070f200000, 0x000000070f200000| Untracked 
| 155|0x000000070f300000, 0x000000070f300000, 0x000000070f400000|  0%| F|  |TAMS 0x000000070f300000, 0x000000070f300000| Untracked 
| 156|0x000000070f400000, 0x000000070f400000, 0x000000070f500000|  0%| F|  |TAMS 0x000000070f400000, 0x000000070f400000| Untracked 
| 157|0x000000070f500000, 0x000000070f500000, 0x000000070f600000|  0%| F|  |TAMS 0x000000070f500000, 0x000000070f500000| Untracked 
| 158|0x000000070f600000, 0x000000070f600000, 0x000000070f700000|  0%| F|  |TAMS 0x000000070f600000, 0x000000070f600000| Untracked 
| 159|0x000000070f700000, 0x000000070f700000, 0x000000070f800000|  0%| F|  |TAMS 0x000000070f700000, 0x000000070f700000| Untracked 
| 160|0x000000070f800000, 0x000000070f800000, 0x000000070f900000|  0%| F|  |TAMS 0x000000070f800000, 0x000000070f800000| Untracked 
| 161|0x000000070f900000, 0x000000070f900000, 0x000000070fa00000|  0%| F|  |TAMS 0x000000070f900000, 0x000000070f900000| Untracked 
| 162|0x000000070fa00000, 0x000000070fa00000, 0x000000070fb00000|  0%| F|  |TAMS 0x000000070fa00000, 0x000000070fa00000| Untracked 
| 163|0x000000070fb00000, 0x000000070fb00000, 0x000000070fc00000|  0%| F|  |TAMS 0x000000070fb00000, 0x000000070fb00000| Untracked 
| 164|0x000000070fc00000, 0x000000070fc00000, 0x000000070fd00000|  0%| F|  |TAMS 0x000000070fc00000, 0x000000070fc00000| Untracked 
| 165|0x000000070fd00000, 0x000000070fd00000, 0x000000070fe00000|  0%| F|  |TAMS 0x000000070fd00000, 0x000000070fd00000| Untracked 
| 166|0x000000070fe00000, 0x000000070fe00000, 0x000000070ff00000|  0%| F|  |TAMS 0x000000070fe00000, 0x000000070fe00000| Untracked 
| 167|0x000000070ff00000, 0x000000070ff00000, 0x0000000710000000|  0%| F|  |TAMS 0x000000070ff00000, 0x000000070ff00000| Untracked 
| 168|0x0000000710000000, 0x0000000710000000, 0x0000000710100000|  0%| F|  |TAMS 0x0000000710000000, 0x0000000710000000| Untracked 
| 169|0x0000000710100000, 0x0000000710100000, 0x0000000710200000|  0%| F|  |TAMS 0x0000000710100000, 0x0000000710100000| Untracked 
| 170|0x0000000710200000, 0x0000000710200000, 0x0000000710300000|  0%| F|  |TAMS 0x0000000710200000, 0x0000000710200000| Untracked 
| 171|0x0000000710300000, 0x0000000710300000, 0x0000000710400000|  0%| F|  |TAMS 0x0000000710300000, 0x0000000710300000| Untracked 
| 172|0x0000000710400000, 0x0000000710400000, 0x0000000710500000|  0%| F|  |TAMS 0x0000000710400000, 0x0000000710400000| Untracked 
| 173|0x0000000710500000, 0x0000000710500000, 0x0000000710600000|  0%| F|  |TAMS 0x0000000710500000, 0x0000000710500000| Untracked 
| 174|0x0000000710600000, 0x0000000710600000, 0x0000000710700000|  0%| F|  |TAMS 0x0000000710600000, 0x0000000710600000| Untracked 
| 175|0x0000000710700000, 0x0000000710700000, 0x0000000710800000|  0%| F|  |TAMS 0x0000000710700000, 0x0000000710700000| Untracked 
| 176|0x0000000710800000, 0x0000000710800000, 0x0000000710900000|  0%| F|  |TAMS 0x0000000710800000, 0x0000000710800000| Untracked 
| 177|0x0000000710900000, 0x0000000710900000, 0x0000000710a00000|  0%| F|  |TAMS 0x0000000710900000, 0x0000000710900000| Untracked 
| 178|0x0000000710a00000, 0x0000000710a00000, 0x0000000710b00000|  0%| F|  |TAMS 0x0000000710a00000, 0x0000000710a00000| Untracked 
| 179|0x0000000710b00000, 0x0000000710b00000, 0x0000000710c00000|  0%| F|  |TAMS 0x0000000710b00000, 0x0000000710b00000| Untracked 
| 180|0x0000000710c00000, 0x0000000710c00000, 0x0000000710d00000|  0%| F|  |TAMS 0x0000000710c00000, 0x0000000710c00000| Untracked 
| 181|0x0000000710d00000, 0x0000000710d15930, 0x0000000710e00000|  8%| S|CS|TAMS 0x0000000710d00000, 0x0000000710d00000| Complete 
| 182|0x0000000710e00000, 0x0000000710f00000, 0x0000000710f00000|100%| S|CS|TAMS 0x0000000710e00000, 0x0000000710e00000| Complete 
| 183|0x0000000710f00000, 0x0000000711000000, 0x0000000711000000|100%| S|CS|TAMS 0x0000000710f00000, 0x0000000710f00000| Complete 
| 184|0x0000000711000000, 0x0000000711100000, 0x0000000711100000|100%| S|CS|TAMS 0x0000000711000000, 0x0000000711000000| Complete 
| 185|0x0000000711100000, 0x0000000711100000, 0x0000000711200000|  0%| F|  |TAMS 0x0000000711100000, 0x0000000711100000| Untracked 
| 186|0x0000000711200000, 0x0000000711200000, 0x0000000711300000|  0%| F|  |TAMS 0x0000000711200000, 0x0000000711200000| Untracked 
| 187|0x0000000711300000, 0x0000000711300000, 0x0000000711400000|  0%| F|  |TAMS 0x0000000711300000, 0x0000000711300000| Untracked 
| 188|0x0000000711400000, 0x0000000711400000, 0x0000000711500000|  0%| F|  |TAMS 0x0000000711400000, 0x0000000711400000| Untracked 
| 189|0x0000000711500000, 0x0000000711500000, 0x0000000711600000|  0%| F|  |TAMS 0x0000000711500000, 0x0000000711500000| Untracked 
| 190|0x0000000711600000, 0x0000000711600000, 0x0000000711700000|  0%| F|  |TAMS 0x0000000711600000, 0x0000000711600000| Untracked 
| 191|0x0000000711700000, 0x0000000711700000, 0x0000000711800000|  0%| F|  |TAMS 0x0000000711700000, 0x0000000711700000| Untracked 
| 192|0x0000000711800000, 0x0000000711800000, 0x0000000711900000|  0%| F|  |TAMS 0x0000000711800000, 0x0000000711800000| Untracked 
| 193|0x0000000711900000, 0x0000000711900000, 0x0000000711a00000|  0%| F|  |TAMS 0x0000000711900000, 0x0000000711900000| Untracked 
| 194|0x0000000711a00000, 0x0000000711a00000, 0x0000000711b00000|  0%| F|  |TAMS 0x0000000711a00000, 0x0000000711a00000| Untracked 
| 195|0x0000000711b00000, 0x0000000711b00000, 0x0000000711c00000|  0%| F|  |TAMS 0x0000000711b00000, 0x0000000711b00000| Untracked 
| 196|0x0000000711c00000, 0x0000000711c00000, 0x0000000711d00000|  0%| F|  |TAMS 0x0000000711c00000, 0x0000000711c00000| Untracked 
| 197|0x0000000711d00000, 0x0000000711d00000, 0x0000000711e00000|  0%| F|  |TAMS 0x0000000711d00000, 0x0000000711d00000| Untracked 
| 198|0x0000000711e00000, 0x0000000711e00000, 0x0000000711f00000|  0%| F|  |TAMS 0x0000000711e00000, 0x0000000711e00000| Untracked 
| 199|0x0000000711f00000, 0x0000000711f00000, 0x0000000712000000|  0%| F|  |TAMS 0x0000000711f00000, 0x0000000711f00000| Untracked 
| 200|0x0000000712000000, 0x0000000712000000, 0x0000000712100000|  0%| F|  |TAMS 0x0000000712000000, 0x0000000712000000| Untracked 
| 201|0x0000000712100000, 0x0000000712100000, 0x0000000712200000|  0%| F|  |TAMS 0x0000000712100000, 0x0000000712100000| Untracked 
| 202|0x0000000712200000, 0x0000000712200000, 0x0000000712300000|  0%| F|  |TAMS 0x0000000712200000, 0x0000000712200000| Untracked 
| 203|0x0000000712300000, 0x0000000712300000, 0x0000000712400000|  0%| F|  |TAMS 0x0000000712300000, 0x0000000712300000| Untracked 
| 204|0x0000000712400000, 0x0000000712400000, 0x0000000712500000|  0%| F|  |TAMS 0x0000000712400000, 0x0000000712400000| Untracked 
| 205|0x0000000712500000, 0x0000000712500000, 0x0000000712600000|  0%| F|  |TAMS 0x0000000712500000, 0x0000000712500000| Untracked 
| 206|0x0000000712600000, 0x0000000712600000, 0x0000000712700000|  0%| F|  |TAMS 0x0000000712600000, 0x0000000712600000| Untracked 
| 207|0x0000000712700000, 0x0000000712700000, 0x0000000712800000|  0%| F|  |TAMS 0x0000000712700000, 0x0000000712700000| Untracked 
| 208|0x0000000712800000, 0x0000000712800000, 0x0000000712900000|  0%| F|  |TAMS 0x0000000712800000, 0x0000000712800000| Untracked 
| 209|0x0000000712900000, 0x0000000712900000, 0x0000000712a00000|  0%| F|  |TAMS 0x0000000712900000, 0x0000000712900000| Untracked 
| 210|0x0000000712a00000, 0x0000000712a00000, 0x0000000712b00000|  0%| F|  |TAMS 0x0000000712a00000, 0x0000000712a00000| Untracked 
| 211|0x0000000712b00000, 0x0000000712b00000, 0x0000000712c00000|  0%| F|  |TAMS 0x0000000712b00000, 0x0000000712b00000| Untracked 
| 212|0x0000000712c00000, 0x0000000712c00000, 0x0000000712d00000|  0%| F|  |TAMS 0x0000000712c00000, 0x0000000712c00000| Untracked 
| 213|0x0000000712d00000, 0x0000000712d00000, 0x0000000712e00000|  0%| F|  |TAMS 0x0000000712d00000, 0x0000000712d00000| Untracked 
| 214|0x0000000712e00000, 0x0000000712e00000, 0x0000000712f00000|  0%| F|  |TAMS 0x0000000712e00000, 0x0000000712e00000| Untracked 
| 215|0x0000000712f00000, 0x0000000712f00000, 0x0000000713000000|  0%| F|  |TAMS 0x0000000712f00000, 0x0000000712f00000| Untracked 
| 216|0x0000000713000000, 0x0000000713000000, 0x0000000713100000|  0%| F|  |TAMS 0x0000000713000000, 0x0000000713000000| Untracked 
| 217|0x0000000713100000, 0x0000000713100000, 0x0000000713200000|  0%| F|  |TAMS 0x0000000713100000, 0x0000000713100000| Untracked 
| 218|0x0000000713200000, 0x0000000713200000, 0x0000000713300000|  0%| F|  |TAMS 0x0000000713200000, 0x0000000713200000| Untracked 
| 219|0x0000000713300000, 0x0000000713300000, 0x0000000713400000|  0%| F|  |TAMS 0x0000000713300000, 0x0000000713300000| Untracked 
| 220|0x0000000713400000, 0x0000000713400000, 0x0000000713500000|  0%| F|  |TAMS 0x0000000713400000, 0x0000000713400000| Untracked 
| 221|0x0000000713500000, 0x0000000713500000, 0x0000000713600000|  0%| F|  |TAMS 0x0000000713500000, 0x0000000713500000| Untracked 
| 222|0x0000000713600000, 0x0000000713600000, 0x0000000713700000|  0%| F|  |TAMS 0x0000000713600000, 0x0000000713600000| Untracked 
| 223|0x0000000713700000, 0x0000000713700000, 0x0000000713800000|  0%| F|  |TAMS 0x0000000713700000, 0x0000000713700000| Untracked 
| 224|0x0000000713800000, 0x0000000713800000, 0x0000000713900000|  0%| F|  |TAMS 0x0000000713800000, 0x0000000713800000| Untracked 
| 225|0x0000000713900000, 0x0000000713900000, 0x0000000713a00000|  0%| F|  |TAMS 0x0000000713900000, 0x0000000713900000| Untracked 
| 226|0x0000000713a00000, 0x0000000713a00000, 0x0000000713b00000|  0%| F|  |TAMS 0x0000000713a00000, 0x0000000713a00000| Untracked 
| 227|0x0000000713b00000, 0x0000000713b00000, 0x0000000713c00000|  0%| F|  |TAMS 0x0000000713b00000, 0x0000000713b00000| Untracked 
| 228|0x0000000713c00000, 0x0000000713c00000, 0x0000000713d00000|  0%| F|  |TAMS 0x0000000713c00000, 0x0000000713c00000| Untracked 
| 229|0x0000000713d00000, 0x0000000713d00000, 0x0000000713e00000|  0%| F|  |TAMS 0x0000000713d00000, 0x0000000713d00000| Untracked 
| 230|0x0000000713e00000, 0x0000000713e00000, 0x0000000713f00000|  0%| F|  |TAMS 0x0000000713e00000, 0x0000000713e00000| Untracked 
| 231|0x0000000713f00000, 0x0000000713f00000, 0x0000000714000000|  0%| F|  |TAMS 0x0000000713f00000, 0x0000000713f00000| Untracked 
| 232|0x0000000714000000, 0x0000000714000000, 0x0000000714100000|  0%| F|  |TAMS 0x0000000714000000, 0x0000000714000000| Untracked 
| 233|0x0000000714100000, 0x0000000714100000, 0x0000000714200000|  0%| F|  |TAMS 0x0000000714100000, 0x0000000714100000| Untracked 
| 234|0x0000000714200000, 0x0000000714200000, 0x0000000714300000|  0%| F|  |TAMS 0x0000000714200000, 0x0000000714200000| Untracked 
| 235|0x0000000714300000, 0x0000000714300000, 0x0000000714400000|  0%| F|  |TAMS 0x0000000714300000, 0x0000000714300000| Untracked 
| 236|0x0000000714400000, 0x0000000714400000, 0x0000000714500000|  0%| F|  |TAMS 0x0000000714400000, 0x0000000714400000| Untracked 
| 237|0x0000000714500000, 0x0000000714500000, 0x0000000714600000|  0%| F|  |TAMS 0x0000000714500000, 0x0000000714500000| Untracked 
| 238|0x0000000714600000, 0x0000000714600000, 0x0000000714700000|  0%| F|  |TAMS 0x0000000714600000, 0x0000000714600000| Untracked 
| 239|0x0000000714700000, 0x0000000714700000, 0x0000000714800000|  0%| F|  |TAMS 0x0000000714700000, 0x0000000714700000| Untracked 
| 240|0x0000000714800000, 0x0000000714800000, 0x0000000714900000|  0%| F|  |TAMS 0x0000000714800000, 0x0000000714800000| Untracked 
| 241|0x0000000714900000, 0x0000000714900000, 0x0000000714a00000|  0%| F|  |TAMS 0x0000000714900000, 0x0000000714900000| Untracked 
| 242|0x0000000714a00000, 0x0000000714a00000, 0x0000000714b00000|  0%| F|  |TAMS 0x0000000714a00000, 0x0000000714a00000| Untracked 
| 243|0x0000000714b00000, 0x0000000714b00000, 0x0000000714c00000|  0%| F|  |TAMS 0x0000000714b00000, 0x0000000714b00000| Untracked 
| 244|0x0000000714c00000, 0x0000000714c00000, 0x0000000714d00000|  0%| F|  |TAMS 0x0000000714c00000, 0x0000000714c00000| Untracked 
| 245|0x0000000714d00000, 0x0000000714d00000, 0x0000000714e00000|  0%| F|  |TAMS 0x0000000714d00000, 0x0000000714d00000| Untracked 
| 246|0x0000000714e00000, 0x0000000714e00000, 0x0000000714f00000|  0%| F|  |TAMS 0x0000000714e00000, 0x0000000714e00000| Untracked 
| 247|0x0000000714f00000, 0x0000000714f00000, 0x0000000715000000|  0%| F|  |TAMS 0x0000000714f00000, 0x0000000714f00000| Untracked 
| 248|0x0000000715000000, 0x0000000715100000, 0x0000000715100000|100%| E|  |TAMS 0x0000000715000000, 0x0000000715000000| Complete 
| 249|0x0000000715100000, 0x0000000715200000, 0x0000000715200000|100%| E|CS|TAMS 0x0000000715100000, 0x0000000715100000| Complete 
| 250|0x0000000715200000, 0x0000000715300000, 0x0000000715300000|100%| E|CS|TAMS 0x0000000715200000, 0x0000000715200000| Complete 
| 251|0x0000000715300000, 0x0000000715400000, 0x0000000715400000|100%| E|CS|TAMS 0x0000000715300000, 0x0000000715300000| Complete 

Card table byte_map: [0x000002bab5c10000,0x000002bab63f0000] _byte_map_base: 0x000002bab23e4000

Marking Bits (Prev, Next): (CMBitMap*) 0x000002ba9bafcd10, (CMBitMap*) 0x000002ba9bafccd8
 Prev Bits: [0x000002babaa70000, 0x000002babe910000)
 Next Bits: [0x000002bab6bd0000, 0x000002babaa70000)

Polling page: 0x000002ba9bb70000

Metaspace:

Usage:
  Non-class:     27.40 MB capacity,    26.92 MB ( 98%) used,   411.42 KB (  1%) free+waste,    87.06 KB ( <1%) overhead. 
      Class:      3.80 MB capacity,     3.51 MB ( 93%) used,   249.13 KB (  6%) free+waste,    41.81 KB (  1%) overhead. 
       Both:     31.20 MB capacity,    30.43 MB ( 98%) used,   660.55 KB (  2%) free+waste,   128.88 KB ( <1%) overhead. 

Virtual space:
  Non-class space:       28.00 MB reserved,      27.50 MB ( 98%) committed 
      Class space:        1.00 GB reserved,       3.88 MB ( <1%) committed 
             Both:        1.03 GB reserved,      31.38 MB (  3%) committed 

Chunk freelists:
   Non-Class:  36.00 KB
       Class:  17.00 KB
        Both:  53.00 KB

MaxMetaspaceSize: 17179869184.00 GB
CompressedClassSpaceSize: 1.00 GB
Initial GC threshold: 20.80 MB
Current GC threshold: 35.08 MB
CDS: off

CodeHeap 'non-profiled nmethods': size=120000Kb used=1248Kb max_used=1248Kb free=118751Kb
 bounds [0x000002baad4a0000, 0x000002baad710000, 0x000002bab49d0000]
CodeHeap 'profiled nmethods': size=120000Kb used=5957Kb max_used=5957Kb free=114042Kb
 bounds [0x000002baa5f70000, 0x000002baa6550000, 0x000002baad4a0000]
CodeHeap 'non-nmethods': size=5760Kb used=1188Kb max_used=1245Kb free=4571Kb
 bounds [0x000002baa59d0000, 0x000002baa5c40000, 0x000002baa5f70000]
 total_blobs=3206 nmethods=2755 adapters=363
 compilation: enabled
              stopped_count=0, restarted_count=0
 full_count=0

Compilation events (20 events):
Event: 3.335 Thread 0x000002bac1db4000 2709       3       java.lang.reflect.ProxyGenerator::codeClassForName (41 bytes)
Event: 3.337 Thread 0x000002bac1daf800 nmethod 2704 0x000002baad5cd290 code [0x000002baad5cd420, 0x000002baad5cd5b8]
Event: 3.337 Thread 0x000002bac1daf800 2702       4       java.lang.reflect.ProxyGenerator$ConstantPool$IndirectEntry::equals (49 bytes)
Event: 3.338 Thread 0x000002bac1db4000 nmethod 2709 0x000002baa651b590 code [0x000002baa651b900, 0x000002baa651cd38]
Event: 3.338 Thread 0x000002bac1db4000 2710       3       org.springframework.beans.factory.support.AbstractBeanFactory::getMergedLocalBeanDefinition (38 bytes)
Event: 3.338 Thread 0x000002bac1db4000 nmethod 2710 0x000002baa651d610 code [0x000002baa651d800, 0x000002baa651de08]
Event: 3.339 Thread 0x000002bac1daf800 nmethod 2702 0x000002baad5cd690 code [0x000002baad5cd820, 0x000002baad5cd8d8]
Event: 3.339 Thread 0x000002bac1daf800 2707       4       jdk.internal.loader.BuiltinClassLoader::hasClassPath (13 bytes)
Event: 3.340 Thread 0x000002bac1daf800 nmethod 2707 0x000002baad5cd990 code [0x000002baad5cdb20, 0x000002baad5cdb98]
Event: 3.340 Thread 0x000002bac1db4000 2711       3       org.springframework.beans.factory.support.AbstractBeanFactory::isTypeMatch (607 bytes)
Event: 3.350 Thread 0x000002bac1db4000 nmethod 2711 0x000002baa651df90 code [0x000002baa651e560, 0x000002baa6522e38]
Event: 3.350 Thread 0x000002bac1db4000 2714       3       org.springframework.util.ClassUtils::isAssignable (84 bytes)
Event: 3.351 Thread 0x000002bac1db4000 nmethod 2714 0x000002baa6523e10 code [0x000002baa6524060, 0x000002baa65248f8]
Event: 3.351 Thread 0x000002bac1db4000 2713       3       org.springframework.core.ResolvableType$1::isAssignableFrom (24 bytes)
Event: 3.352 Thread 0x000002bac1db4000 nmethod 2713 0x000002baa6524b90 code [0x000002baa6524d40, 0x000002baa6524f08]
Event: 3.352 Thread 0x000002bac1db4000 2712       3       org.springframework.beans.factory.support.AbstractBeanDefinition::hasBeanClass (8 bytes)
Event: 3.352 Thread 0x000002bac1daf800 2718       4       java.lang.invoke.Invokers$Holder::linkToTargetMethod (8 bytes)
Event: 3.352 Thread 0x000002bac1db4000 nmethod 2712 0x000002baa6524f90 code [0x000002baa6525140, 0x000002baa6525358]
Event: 3.352 Thread 0x000002bac1db4000 2716       3       sun.reflect.annotation.AnnotationParser::parseArray (226 bytes)
Event: 3.353 Thread 0x000002bac1daf800 nmethod 2718 0x000002baad5cdc90 code [0x000002baad5cde40, 0x000002baad5cded8]

GC Heap History (8 events):
Event: 0.999 GC heap before
{Heap before GC invocations=0 (full 0):
 garbage-first heap   total 258048K, used 25600K [0x0000000705800000, 0x0000000800000000)
  region size 1024K, 24 young (24576K), 0 survivors (0K)
 Metaspace       used 11721K, capacity 11917K, committed 12032K, reserved 1060864K
  class space    used 1115K, capacity 1186K, committed 1280K, reserved 1048576K
}
Event: 1.006 GC heap after
{Heap after GC invocations=1 (full 0):
 garbage-first heap   total 258048K, used 6937K [0x0000000705800000, 0x0000000800000000)
  region size 1024K, 3 young (3072K), 3 survivors (3072K)
 Metaspace       used 11721K, capacity 11917K, committed 12032K, reserved 1060864K
  class space    used 1115K, capacity 1186K, committed 1280K, reserved 1048576K
}
Event: 2.106 GC heap before
{Heap before GC invocations=1 (full 0):
 garbage-first heap   total 258048K, used 54041K [0x0000000705800000, 0x0000000800000000)
  region size 1024K, 50 young (51200K), 3 survivors (3072K)
 Metaspace       used 20699K, capacity 21187K, committed 21296K, reserved 1069056K
  class space    used 2290K, capacity 2498K, committed 2560K, reserved 1048576K
}
Event: 2.117 GC heap after
{Heap after GC invocations=2 (full 0):
 garbage-first heap   total 258048K, used 9634K [0x0000000705800000, 0x0000000800000000)
  region size 1024K, 6 young (6144K), 6 survivors (6144K)
 Metaspace       used 20699K, capacity 21187K, committed 21296K, reserved 1069056K
  class space    used 2290K, capacity 2498K, committed 2560K, reserved 1048576K
}
Event: 2.426 GC heap before
{Heap before GC invocations=3 (full 0):
 garbage-first heap   total 258048K, used 34210K [0x0000000705800000, 0x0000000800000000)
  region size 1024K, 30 young (30720K), 6 survivors (6144K)
 Metaspace       used 23728K, capacity 24273K, committed 24576K, reserved 1071104K
  class space    used 2767K, capacity 2991K, committed 3072K, reserved 1048576K
}
Event: 2.432 GC heap after
{Heap after GC invocations=4 (full 0):
 garbage-first heap   total 258048K, used 10384K [0x0000000705800000, 0x0000000800000000)
  region size 1024K, 2 young (2048K), 2 survivors (2048K)
 Metaspace       used 23728K, capacity 24273K, committed 24576K, reserved 1071104K
  class space    used 2767K, capacity 2991K, committed 3072K, reserved 1048576K
}
Event: 3.275 GC heap before
{Heap before GC invocations=4 (full 0):
 garbage-first heap   total 258048K, used 75920K [0x0000000705800000, 0x0000000800000000)
  region size 1024K, 67 young (68608K), 2 survivors (2048K)
 Metaspace       used 30777K, capacity 31563K, committed 31872K, reserved 1077248K
  class space    used 3552K, capacity 3844K, committed 3968K, reserved 1048576K
}
Event: 3.280 GC heap after
{Heap after GC invocations=5 (full 0):
 garbage-first heap   total 258048K, used 12285K [0x0000000705800000, 0x0000000800000000)
  region size 1024K, 4 young (4096K), 4 survivors (4096K)
 Metaspace       used 30777K, capacity 31563K, committed 31872K, reserved 1077248K
  class space    used 3552K, capacity 3844K, committed 3968K, reserved 1048576K
}

Deoptimization events (20 events):
Event: 2.923 Thread 0x000002bac3020800 Uncommon trap: trap_request=0xffffff4d fr.pc=0x000002baad50f048 relative=0x00000000000004a8
Event: 2.923 Thread 0x000002bac3020800 Uncommon trap: reason=unstable_if action=reinterpret pc=0x000002baad50f048 method=jdk.internal.org.objectweb.asm.Type.getArgumentsAndReturnSizes(Ljava/lang/String;)I @ 47 c2
Event: 2.923 Thread 0x000002bac3020800 DEOPT PACKING pc=0x000002baad50f048 sp=0x000000f5c5bfc250
Event: 2.923 Thread 0x000002bac3020800 DEOPT UNPACKING pc=0x000002baa5a1a1af sp=0x000000f5c5bfc1e0 mode 2
Event: 3.246 Thread 0x000002bac292a000 Uncommon trap: trap_request=0xffffffde fr.pc=0x000002baad4ab160 relative=0x00000000000001c0
Event: 3.246 Thread 0x000002bac292a000 Uncommon trap: reason=class_check action=maybe_recompile pc=0x000002baad4ab160 method=java.lang.String.equals(Ljava/lang/Object;)Z @ 8 c2
Event: 3.246 Thread 0x000002bac292a000 DEOPT PACKING pc=0x000002baad4ab160 sp=0x000000f5c5afe200
Event: 3.246 Thread 0x000002bac292a000 DEOPT UNPACKING pc=0x000002baa5a1a1af sp=0x000000f5c5afe198 mode 2
Event: 3.246 Thread 0x000002bac292a000 Uncommon trap: trap_request=0xffffffde fr.pc=0x000002baad4ab160 relative=0x00000000000001c0
Event: 3.246 Thread 0x000002bac292a000 Uncommon trap: reason=class_check action=maybe_recompile pc=0x000002baad4ab160 method=java.lang.String.equals(Ljava/lang/Object;)Z @ 8 c2
Event: 3.246 Thread 0x000002bac292a000 DEOPT PACKING pc=0x000002baad4ab160 sp=0x000000f5c5afe200
Event: 3.246 Thread 0x000002bac292a000 DEOPT UNPACKING pc=0x000002baa5a1a1af sp=0x000000f5c5afe198 mode 2
Event: 3.246 Thread 0x000002bac292a000 Uncommon trap: trap_request=0xffffffde fr.pc=0x000002baad4ab160 relative=0x00000000000001c0
Event: 3.246 Thread 0x000002bac292a000 Uncommon trap: reason=class_check action=maybe_recompile pc=0x000002baad4ab160 method=java.lang.String.equals(Ljava/lang/Object;)Z @ 8 c2
Event: 3.246 Thread 0x000002bac292a000 DEOPT PACKING pc=0x000002baad4ab160 sp=0x000000f5c5afe200
Event: 3.247 Thread 0x000002bac292a000 DEOPT UNPACKING pc=0x000002baa5a1a1af sp=0x000000f5c5afe198 mode 2
Event: 3.249 Thread 0x000002bac292a000 Uncommon trap: trap_request=0xffffffde fr.pc=0x000002baad4ab160 relative=0x00000000000001c0
Event: 3.249 Thread 0x000002bac292a000 Uncommon trap: reason=class_check action=maybe_recompile pc=0x000002baad4ab160 method=java.lang.String.equals(Ljava/lang/Object;)Z @ 8 c2
Event: 3.249 Thread 0x000002bac292a000 DEOPT PACKING pc=0x000002baad4ab160 sp=0x000000f5c5afde90
Event: 3.249 Thread 0x000002bac292a000 DEOPT UNPACKING pc=0x000002baa5a1a1af sp=0x000000f5c5afde28 mode 2

Classes redefined (0 events):
No events

Internal exceptions (20 events):
Event: 2.264 Thread 0x000002bac292a000 Exception <a 'java/lang/ClassNotFoundException'{0x00000007148584e8}: org/springframework/core/OrderedCustomizer> (0x00000007148584e8) thrown at [./src/hotspot/share/classfile/systemDictionary.cpp, line 230]
Event: 2.266 Thread 0x000002bac292a000 Exception <a 'java/lang/ClassNotFoundException'{0x000000071489a5f8}: org/springframework/context/ResourceLoaderAwareCustomizer> (0x000000071489a5f8) thrown at [./src/hotspot/share/classfile/systemDictionary.cpp, line 230]
Event: 2.267 Thread 0x000002bac292a000 Exception <a 'java/lang/ClassNotFoundException'{0x00000007148aacf8}: org/springframework/beans/factory/AwareCustomizer> (0x00000007148aacf8) thrown at [./src/hotspot/share/classfile/systemDictionary.cpp, line 230]
Event: 2.267 Thread 0x000002bac292a000 Exception <a 'java/lang/ClassNotFoundException'{0x00000007148bc130}: org/springframework/context/ApplicationStartupAwareCustomizer> (0x00000007148bc130) thrown at [./src/hotspot/share/classfile/systemDictionary.cpp, line 230]
Event: 2.268 Thread 0x000002bac292a000 Exception <a 'java/lang/ClassNotFoundException'{0x00000007148fd490}: org/springframework/beans/factory/AwareCustomizer> (0x00000007148fd490) thrown at [./src/hotspot/share/classfile/systemDictionary.cpp, line 230]
Event: 2.269 Thread 0x000002bac292a000 Exception <a 'java/lang/ClassNotFoundException'{0x000000071470f2b8}: org/springframework/beans/factory/BeanClassLoaderAwareCustomizer> (0x000000071470f2b8) thrown at [./src/hotspot/share/classfile/systemDictionary.cpp, line 230]
Event: 2.270 Thread 0x000002bac292a000 Exception <a 'java/lang/ClassNotFoundException'{0x000000071471f9d0}: org/springframework/beans/factory/AwareCustomizer> (0x000000071471f9d0) thrown at [./src/hotspot/share/classfile/systemDictionary.cpp, line 230]
Event: 2.271 Thread 0x000002bac292a000 Exception <a 'java/lang/ClassNotFoundException'{0x000000071472fe58}: org/springframework/context/EnvironmentAwareCustomizer> (0x000000071472fe58) thrown at [./src/hotspot/share/classfile/systemDictionary.cpp, line 230]
Event: 2.272 Thread 0x000002bac292a000 Exception <a 'java/lang/ClassNotFoundException'{0x0000000714770fc0}: org/springframework/beans/factory/AwareCustomizer> (0x0000000714770fc0) thrown at [./src/hotspot/share/classfile/systemDictionary.cpp, line 230]
Event: 2.464 Thread 0x000002bac3020800 Exception <a 'java/lang/NoSuchMethodError'{0x00000007151d7da8}: 'java.lang.Object java.lang.invoke.DirectMethodHandle$Holder.invokeStaticInit(java.lang.Object, java.lang.Object, java.lang.Object, java.lang.Object, java.lang.Object)'> (0x00000007151d7da8) thrown at [./src/hotspot/share/interpreter/linkResolver.cpp, line 773]
Event: 2.477 Thread 0x000002bac3020800 Exception <a 'java/lang/NoSuchMethodError'{0x00000007150c19f0}: 'java.lang.Object java.lang.invoke.DirectMethodHandle$Holder.invokeSpecial(java.lang.Object, java.lang.Object, int, int, java.lang.Object, java.lang.Object, java.lang.Object)'> (0x00000007150c19f0) thrown at [./src/hotspot/share/interpreter/linkResolver.cpp, line 773]
Event: 2.477 Thread 0x000002bac3020800 Exception <a 'java/lang/NoSuchMethodError'{0x00000007150c4f80}: 'java.lang.Object java.lang.invoke.DelegatingMethodHandle$Holder.reinvoke_L(java.lang.Object, int, int, java.lang.Object, java.lang.Object, java.lang.Object)'> (0x00000007150c4f80) thrown at [./src/hotspot/share/interpreter/linkResolver.cpp, line 773]
Event: 2.479 Thread 0x000002bac3020800 Exception <a 'java/lang/NoSuchMethodError'{0x00000007150c8e60}: 'java.lang.Object java.lang.invoke.DirectMethodHandle$Holder.invokeStatic(java.lang.Object, java.lang.Object, java.lang.Object, java.lang.Object, int)'> (0x00000007150c8e60) thrown at [./src/hotspot/share/interpreter/linkResolver.cpp, line 773]
Event: 2.620 Thread 0x000002bac292a000 Exception <a 'java/lang/IncompatibleClassChangeError'{0x0000000714195388}: Found class java.lang.Object, but interface was expected> (0x0000000714195388) thrown at [./src/hotspot/share/interpreter/linkResolver.cpp, line 839]
Event: 2.923 Thread 0x000002bac3020800 Exception <a 'java/lang/NoSuchMethodError'{0x00000007126dc5d0}: 'long java.lang.invoke.DirectMethodHandle$Holder.invokeSpecial(java.lang.Object, java.lang.Object)'> (0x00000007126dc5d0) thrown at [./src/hotspot/share/interpreter/linkResolver.cpp, line 773]
Event: 2.928 Thread 0x000002bac3020800 Exception <a 'java/lang/NoSuchMethodError'{0x0000000712408600}: 'long java.lang.invoke.DirectMethodHandle$Holder.invokeStatic(java.lang.Object, java.lang.Object)'> (0x0000000712408600) thrown at [./src/hotspot/share/interpreter/linkResolver.cpp, line 773]
Event: 2.928 Thread 0x000002bac3020800 Exception <a 'java/lang/NoSuchMethodError'{0x000000071240b428}: 'long java.lang.invoke.DirectMethodHandle$Holder.invokeStaticInit(java.lang.Object, java.lang.Object)'> (0x000000071240b428) thrown at [./src/hotspot/share/interpreter/linkResolver.cpp, line 773]
Event: 2.932 Thread 0x000002bac3020800 Exception <a 'java/lang/NoSuchMethodError'{0x00000007124178e8}: 'long java.lang.invoke.DirectMethodHandle$Holder.invokeInterface(java.lang.Object, java.lang.Object)'> (0x00000007124178e8) thrown at [./src/hotspot/share/interpreter/linkResolver.cpp, line 773]
Event: 2.932 Thread 0x000002bac3020800 Exception <a 'java/lang/IncompatibleClassChangeError'{0x000000071241a680}: Found class java.lang.Object, but interface was expected> (0x000000071241a680) thrown at [./src/hotspot/share/interpreter/linkResolver.cpp, line 839]
Event: 2.948 Thread 0x000002bac3020800 Exception <a 'java/lang/NoSuchMethodError'{0x00000007123b8360}: 'java.lang.Object java.lang.invoke.DirectMethodHandle$Holder.invokeVirtual(java.lang.Object, java.lang.Object, java.lang.Object, java.lang.Object)'> (0x00000007123b8360) thrown at [./src/hotspot/share/interpreter/linkResolver.cpp, line 773]

Events (20 events):
Event: 3.326 loading class org/springframework/boot/web/servlet/server/ConfigurableServletWebServerFactory
Event: 3.326 loading class org/springframework/boot/web/servlet/server/ConfigurableServletWebServerFactory done
Event: 3.326 loading class org/springframework/boot/web/servlet/WebListenerRegistry
Event: 3.326 loading class org/springframework/boot/web/servlet/WebListenerRegistry done
Event: 3.327 loading class org/springframework/boot/web/server/AbstractConfigurableWebServerFactory
Event: 3.327 loading class org/springframework/boot/web/server/AbstractConfigurableWebServerFactory done
Event: 3.331 loading class org/springframework/boot/autoconfigure/web/servlet/ServletWebServerFactoryCustomizer
Event: 3.331 loading class org/springframework/boot/autoconfigure/web/servlet/ServletWebServerFactoryCustomizer done
Event: 3.333 loading class org/springframework/boot/autoconfigure/web/servlet/TomcatServletWebServerFactoryCustomizer
Event: 3.333 loading class org/springframework/boot/autoconfigure/web/servlet/TomcatServletWebServerFactoryCustomizer done
Event: 3.338 loading class org/springframework/boot/web/server/ErrorPageRegistrarBeanPostProcessor
Event: 3.338 loading class org/springframework/boot/web/server/ErrorPageRegistrarBeanPostProcessor done
Event: 3.339 loading class org/springframework/boot/web/server/ErrorPageRegistrarBeanPostProcessor
Event: 3.339 loading class org/springframework/boot/web/server/ErrorPageRegistrarBeanPostProcessor done
Event: 3.344 loading class org/springframework/boot/autoconfigure/web/servlet/WebMvcProperties
Event: 3.344 loading class org/springframework/boot/autoconfigure/web/servlet/WebMvcProperties done
Event: 3.348 loading class org/springframework/boot/autoconfigure/web/servlet/DispatcherServletAutoConfiguration$DispatcherServletConfiguration
Event: 3.348 loading class org/springframework/boot/autoconfigure/web/servlet/DispatcherServletAutoConfiguration$DispatcherServletConfiguration done
Event: 3.352 loading class org/springframework/boot/context/properties/IncompatibleConfigurationException
Event: 3.352 loading class org/springframework/boot/context/properties/IncompatibleConfigurationException done


Dynamic libraries:
0x00007ff78fc60000 - 0x00007ff78fc6d000 	C:\Users\Admin\.jdks\corretto-11.0.16.1\bin\java.exe
0x00007ffea59c0000 - 0x00007ffea5bc9000 	C:\Windows\SYSTEM32\ntdll.dll
0x00007ffea52d0000 - 0x00007ffea538d000 	C:\Windows\System32\KERNEL32.DLL
0x00007ffea30b0000 - 0x00007ffea342b000 	C:\Windows\System32\KERNELBASE.dll
0x00007ffea3610000 - 0x00007ffea3721000 	C:\Windows\System32\ucrtbase.dll
0x00007ffe7def0000 - 0x00007ffe7df09000 	C:\Users\Admin\.jdks\corretto-11.0.16.1\bin\VCRUNTIME140.dll
0x00007ffe77b10000 - 0x00007ffe77b27000 	C:\Users\Admin\.jdks\corretto-11.0.16.1\bin\jli.dll
0x00007ffea4c80000 - 0x00007ffea4e2d000 	C:\Windows\System32\USER32.dll
0x00007ffe8bc60000 - 0x00007ffe8bf05000 	C:\Windows\WinSxS\amd64_microsoft.windows.common-controls_6595b64144ccf1df_6.0.22000.120_none_9d947278b86cc467\COMCTL32.dll
0x00007ffea3080000 - 0x00007ffea30a6000 	C:\Windows\System32\win32u.dll
0x00007ffea4470000 - 0x00007ffea4513000 	C:\Windows\System32\msvcrt.dll
0x00007ffea4ee0000 - 0x00007ffea4f09000 	C:\Windows\System32\GDI32.dll
0x00007ffea3430000 - 0x00007ffea3548000 	C:\Windows\System32\gdi32full.dll
0x00007ffea3730000 - 0x00007ffea37cd000 	C:\Windows\System32\msvcp_win.dll
0x00007ffea5290000 - 0x00007ffea52c1000 	C:\Windows\System32\IMM32.DLL
0x00007ffe46600000 - 0x00007ffe4669b000 	C:\Users\Admin\.jdks\corretto-11.0.16.1\bin\msvcp140.dll
0x00007ffe20980000 - 0x00007ffe21504000 	C:\Users\Admin\.jdks\corretto-11.0.16.1\bin\server\jvm.dll
0x00007ffea4e30000 - 0x00007ffea4ede000 	C:\Windows\System32\ADVAPI32.dll
0x00007ffea5190000 - 0x00007ffea522e000 	C:\Windows\System32\sechost.dll
0x00007ffea4520000 - 0x00007ffea4640000 	C:\Windows\System32\RPCRT4.dll
0x00007ffea4360000 - 0x00007ffea4368000 	C:\Windows\System32\PSAPI.DLL
0x00007ffe8b270000 - 0x00007ffe8b279000 	C:\Windows\SYSTEM32\WSOCK32.dll
0x00007ffe9bb60000 - 0x00007ffe9bb6a000 	C:\Windows\SYSTEM32\VERSION.dll
0x00007ffea4400000 - 0x00007ffea446f000 	C:\Windows\System32\WS2_32.dll
0x00007ffe9cd60000 - 0x00007ffe9cd93000 	C:\Windows\SYSTEM32\WINMM.dll
0x00007ffea1ef0000 - 0x00007ffea1f08000 	C:\Windows\SYSTEM32\kernel.appcore.dll
0x00007ffe88e80000 - 0x00007ffe88e90000 	C:\Users\Admin\.jdks\corretto-11.0.16.1\bin\verify.dll
0x00007ffea0940000 - 0x00007ffea0b61000 	C:\Windows\SYSTEM32\DBGHELP.DLL
0x00007ffe8c2a0000 - 0x00007ffe8c2d1000 	C:\Windows\SYSTEM32\dbgcore.DLL
0x00007ffea2e90000 - 0x00007ffea2f0f000 	C:\Windows\System32\bcryptPrimitives.dll
0x00007ffe73640000 - 0x00007ffe73668000 	C:\Users\Admin\.jdks\corretto-11.0.16.1\bin\java.dll
0x00007ffe88d30000 - 0x00007ffe88d3a000 	C:\Users\Admin\.jdks\corretto-11.0.16.1\bin\jimage.dll
0x00007ffe9fc30000 - 0x00007ffe9fc3e000 	C:\Users\Admin\.jdks\corretto-11.0.16.1\bin\instrument.dll
0x00007ffe75210000 - 0x00007ffe75228000 	C:\Users\Admin\.jdks\corretto-11.0.16.1\bin\zip.dll
0x00007ffea3840000 - 0x00007ffea3ff8000 	C:\Windows\System32\SHELL32.dll
0x00007ffea0f60000 - 0x00007ffea17c5000 	C:\Windows\SYSTEM32\windows.storage.dll
0x00007ffea4760000 - 0x00007ffea4ad7000 	C:\Windows\System32\combase.dll
0x00007ffea0df0000 - 0x00007ffea0f56000 	C:\Windows\SYSTEM32\wintypes.dll
0x00007ffea4f10000 - 0x00007ffea4ffa000 	C:\Windows\System32\SHCORE.dll
0x00007ffea5230000 - 0x00007ffea528d000 	C:\Windows\System32\shlwapi.dll
0x00007ffea2dc0000 - 0x00007ffea2de1000 	C:\Windows\SYSTEM32\profapi.dll
0x00007ffe6d220000 - 0x00007ffe6d239000 	C:\Users\Admin\.jdks\corretto-11.0.16.1\bin\net.dll
0x00007ffe9c260000 - 0x00007ffe9c36c000 	C:\Windows\SYSTEM32\WINHTTP.dll
0x00007ffea2390000 - 0x00007ffea23f7000 	C:\Windows\system32\mswsock.dll
0x00007ffe6a070000 - 0x00007ffe6a083000 	C:\Users\Admin\.jdks\corretto-11.0.16.1\bin\nio.dll
0x00007ffe8f910000 - 0x00007ffe8f92a000 	C:\Program Files\Git\tmp\jet2\IntelliJ IDEA 2022.2.1\bin\breakgen64.dll
0x00007ffe9fc20000 - 0x00007ffe9fc29000 	C:\Users\Admin\.jdks\corretto-11.0.16.1\bin\management.dll
0x00007ffe9b100000 - 0x00007ffe9b10b000 	C:\Users\Admin\.jdks\corretto-11.0.16.1\bin\management_ext.dll
0x00007ffe7e000000 - 0x00007ffe7e017000 	C:\Windows\system32\napinsp.dll
0x00007ffe7dfe0000 - 0x00007ffe7dffb000 	C:\Windows\system32\pnrpnsp.dll
0x00007ffea1a50000 - 0x00007ffea1b38000 	C:\Windows\SYSTEM32\DNSAPI.dll
0x00007ffea1a20000 - 0x00007ffea1a4d000 	C:\Windows\SYSTEM32\IPHLPAPI.DLL
0x00007ffea4af0000 - 0x00007ffea4af9000 	C:\Windows\System32\NSI.dll
0x00007ffe7dfc0000 - 0x00007ffe7dfd2000 	C:\Windows\System32\winrnr.dll
0x00007ffe9c180000 - 0x00007ffe9c195000 	C:\Windows\system32\wshbth.dll
0x00007ffe7dfa0000 - 0x00007ffe7dfbf000 	C:\Windows\system32\nlansp_c.dll
0x00007ffe9bb70000 - 0x00007ffe9bb7a000 	C:\Windows\System32\rasadhlp.dll
0x00007ffe9b5c0000 - 0x00007ffe9b641000 	C:\Windows\System32\fwpuclnt.dll

dbghelp: loaded successfully - version: 4.0.5 - missing functions: none
symbol engine: initialized successfully - sym options: 0x614 - pdb path: .;C:\Users\Admin\.jdks\corretto-11.0.16.1\bin;C:\Windows\SYSTEM32;C:\Windows\WinSxS\amd64_microsoft.windows.common-controls_6595b64144ccf1df_6.0.22000.120_none_9d947278b86cc467;C:\Users\Admin\.jdks\corretto-11.0.16.1\bin\server;C:\Program Files\Git\tmp\jet2\IntelliJ IDEA 2022.2.1\bin

VM Arguments:
jvm_args: -javaagent:C:\Program Files\Git\tmp\jet2\IntelliJ IDEA 2022.2.1\lib\idea_rt.jar=65476:C:\Program Files\Git\tmp\jet2\IntelliJ IDEA 2022.2.1\bin -Dfile.encoding=UTF-8 
java_command: com.example.usermanagement.UserManagementApplication
java_class_path (initial): C:\Users\Admin\IdeaProjects\Usermanagement\target\classes;C:\Users\Admin\.m2\repository\org\springframework\boot\spring-boot-starter-data-jpa\2.7.4\spring-boot-starter-data-jpa-2.7.4.jar;C:\Users\Admin\.m2\repository\org\springframework\boot\spring-boot-starter-jdbc\2.7.4\spring-boot-starter-jdbc-2.7.4.jar;C:\Users\Admin\.m2\repository\com\zaxxer\HikariCP\4.0.3\HikariCP-4.0.3.jar;C:\Users\Admin\.m2\repository\org\springframework\spring-jdbc\5.3.23\spring-jdbc-5.3.23.jar;C:\Users\Admin\.m2\repository\jakarta\transaction\jakarta.transaction-api\1.3.3\jakarta.transaction-api-1.3.3.jar;C:\Users\Admin\.m2\repository\jakarta\persistence\jakarta.persistence-api\2.2.3\jakarta.persistence-api-2.2.3.jar;C:\Users\Admin\.m2\repository\org\hibernate\hibernate-core\5.6.11.Final\hibernate-core-5.6.11.Final.jar;C:\Users\Admin\.m2\repository\org\jboss\logging\jboss-logging\3.4.3.Final\jboss-logging-3.4.3.Final.jar;C:\Users\Admin\.m2\repository\net\bytebuddy\byte-buddy\1.12.17\byte-buddy-1.12.17.jar;C:\Users\Admin\.m2\repository\antlr\antlr\2.7.7\antlr-2.7.7.jar;C:\Users\Admin\.m2\repository\org\jboss\jandex\2.4.2.Final\jandex-2.4.2.Final.jar;C:\Users\Admin\.m2\repository\com\fasterxml\classmate\1.5.1\classmate-1.5.1.jar;C:\Users\Admin\.m2\repository\org\hibernate\common\hibernate-commons-annotations\5.1.2.Final\hibernate-commons-annotations-5.1.2.Final.jar;C:\Users\Admin\.m2\repository\org\glassfish\jaxb\jaxb-runtime\2.3.6\jaxb-runtime-2.3.6.jar;C:\Users\Admin\.m2\repository\org\glassfish\jaxb\txw2\2.3.6\txw2-2.3.6.jar;C:\Users\Admin\.m2\repository\com\sun\istack\istack-commons-runtime\3.0.12\istack-commons-runtime-3.0.12.jar;C:\Users\Admin\.m2\repository\org\springframework\data\spring-data-jpa\2.7.3\spring-data-jpa-2.7.3.jar;C:\Users\Admin\.m2\repository\org\springframework\data\spring-data-commons\2.7.3\spring-data-commons-2.7.3.jar;C:\Users\Admin\.m2\repository\org\springframework\spring-orm\5.3.23\spring-orm-5.3.23.jar;C:\Users\Admin\.m2\repository\
Launcher Type: SUN_STANDARD

[Global flags]
     intx CICompilerCount                          = 4                                         {product} {ergonomic}
     uint ConcGCThreads                            = 2                                         {product} {ergonomic}
     uint G1ConcRefinementThreads                  = 8                                         {product} {ergonomic}
   size_t G1HeapRegionSize                         = 1048576                                   {product} {ergonomic}
    uintx GCDrainStackTargetSize                   = 64                                        {product} {ergonomic}
   size_t InitialHeapSize                          = 264241152                                 {product} {ergonomic}
   size_t MarkStackSize                            = 4194304                                   {product} {ergonomic}
   size_t MaxHeapSize                              = 4202692608                                {product} {ergonomic}
   size_t MaxNewSize                               = 2520776704                                {product} {ergonomic}
   size_t MinHeapDeltaBytes                        = 1048576                                   {product} {ergonomic}
    uintx NonNMethodCodeHeapSize                   = 5836300                                {pd product} {ergonomic}
    uintx NonProfiledCodeHeapSize                  = 122910970                              {pd product} {ergonomic}
    uintx ProfiledCodeHeapSize                     = 122910970                              {pd product} {ergonomic}
    uintx ReservedCodeCacheSize                    = 251658240                              {pd product} {ergonomic}
     bool SegmentedCodeCache                       = true                                      {product} {ergonomic}
     bool UseCompressedClassPointers               = true                                 {lp64_product} {ergonomic}
     bool UseCompressedOops                        = true                                 {lp64_product} {ergonomic}
     bool UseG1GC                                  = true                                      {product} {ergonomic}
     bool UseLargePagesIndividualAllocation        = false                                  {pd product} {ergonomic}

Logging:
Log output configuration:
 #0: stdout all=warning uptime,level,tags
 #1: stderr all=off uptime,level,tags

Environment Variables:
JAVA_HOME=C:\Program Files\Java\jdk-18.0.2.1
PATH=D:\oracle\WINDOWS.X64_193000_db_home\bin;D:\oracle\WINDOWS.X64_193000_db_home\WINDOWS.X64_193000_db_home\bin;C:\Users\Admin\Downloads\WINDOWS.X64_193000_db_home\bin;C:\Windows\system32;C:\Windows;C:\Windows\System32\Wbem;C:\Windows\System32\WindowsPowerShell\v1.0\;C:\Windows\System32\OpenSSH\;C:\Program Files\Intel\WiFi\bin\;C:\Program Files\Common Files\Intel\WirelessCommon\;C:\Program Files\nodejs\;C:\Program Files\Java\jdk-11.0.16\bin;C:\apache-maven-3.8.6-bin\apache-maven-3.8.6\bin;C:\Program Files\Common Files\Oracle\Java\javapath;C:\Program Files\Java\jdk-18.0.2.1\bin;C:\Program Files\PuTTY\;C:\Program Files\Git\cmd;C:\Program Files\MySQL\MySQL Shell 8.0\bin\;C:\Users\Admin\AppData\Local\Microsoft\WindowsApps;;C:\Program Files\JetBrains\IntelliJ IDEA Community Edition 2022.1.3\bin;;C:\Users\Admin\AppData\Local\Programs\Microsoft VS Code\bin;C:\Users\Admin\AppData\Roaming\npm;C:\Program Files\JetBrains\IntelliJ IDEA 2022.2.1\bin;
USERNAME=Admin
OS=Windows_NT
PROCESSOR_IDENTIFIER=Intel64 Family 6 Model 142 Stepping 10, GenuineIntel
TMP=C:\Users\Admin\AppData\Local\Temp
TEMP=C:\Users\Admin\AppData\Local\Temp



---------------  S Y S T E M  ---------------

OS: Windows 11 , 64 bit Build 22000 (10.0.22000.708)
OS uptime: 1 days 2:11 hours

CPU:total 8 (initial active 8) (4 cores per cpu, 2 threads per core) family 6 model 142 stepping 10 microcode 0xe0, cmov, cx8, fxsr, mmx, sse, sse2, sse3, ssse3, sse4.1, sse4.2, popcnt, avx, avx2, aes, clmul, erms, rtm, 3dnowpref, lzcnt, ht, tsc, tscinvbit, bmi1, bmi2, adx, fma

Memory: 4k page, system-wide physical 16030M (1409M free)
TotalPageFile size 28824M (AvailPageFile size 0M)
current process WorkingSet (physical memory assigned to process): 205M, peak: 208M
current process commit charge ("private bytes"): 420M, peak: 424M

vm_info: OpenJDK 64-Bit Server VM (11.0.16.1+9-LTS) for windows-amd64 JRE (11.0.16.1+9-LTS), built on Aug 12 2022 20:01:58 by "Administrator" with MS VC++ 15.9 (VS2017)

END.
